#
# There is insufficient memory for the Java Runtime Environment to continue.
# Native memory allocation (malloc) failed to allocate 679456 bytes. Error detail: Chunk::new
# Possible reasons:
#   The system is out of physical RAM or swap space
#   This process is running with CompressedOops enabled, and the Java Heap may be blocking the growth of the native heap
# Possible solutions:
#   Reduce memory load on the system
#   Increase physical memory or swap space
#   Check if swap backing store is full
#   Decrease Java heap size (-Xmx/-Xms)
#   Decrease number of Java threads
#   Decrease Java thread stack sizes (-Xss)
#   Set larger code cache with -XX:ReservedCodeCacheSize=
#   JVM is running with Unscaled Compressed Oops mode in which the Java heap is
#     placed in the first 4GB address space. The Java Heap base address is the
#     maximum limit for the native heap growth. Please use -XX:HeapBaseMinAddress
#     to set the Java Heap base and to place the Java Heap above 4GB virtual address.
# This output file may be truncated or incomplete.
#
#  Out of Memory Error (arena.cpp:168), pid=1420, tid=12680
#
# JRE version: OpenJDK Runtime Environment Temurin-21.0.8+9 (21.0.8+9) (build 21.0.8+9-LTS)
# Java VM: OpenJDK 64-Bit Server VM Temurin-21.0.8+9 (21.0.8+9-LTS, mixed mode, sharing, tiered, compressed oops, compressed class ptrs, parallel gc, windows-amd64)
# No core dump will be written. Minidumps are not enabled by default on client versions of Windows
#

---------------  S U M M A R Y ------------

Command Line: --add-modules=ALL-SYSTEM --add-opens=java.base/java.util=ALL-UNNAMED --add-opens=java.base/java.lang=ALL-UNNAMED --add-opens=java.base/sun.nio.fs=ALL-UNNAMED -Declipse.application=org.eclipse.jdt.ls.core.id1 -Dosgi.bundles.defaultStartLevel=4 -Declipse.product=org.eclipse.jdt.ls.core.product -Djava.import.generatesMetadataFilesAtProjectRoot=false -DDetectVMInstallationsJob.disabled=true -Dfile.encoding=utf8 -XX:+UseParallelGC -XX:GCTimeRatio=4 -XX:AdaptiveSizePolicyWeight=90 -Dsun.zip.disableMemoryMapping=true -Xmx2G -Xms100m -Xlog:disable -javaagent:c:\Users\Aluno SENAI.C308-LAB3-001\.vscode\extensions\redhat.java-1.46.0-win32-x64\lombok\lombok-1.18.39-4050.jar c:\Users\Aluno SENAI.C308-LAB3-001\.vscode\extensions\redhat.java-1.46.0-win32-x64\server\plugins\org.eclipse.equinox.launcher_1.7.0.v20250519-0528.jar -configuration c:\Users\Aluno SENAI.C308-LAB3-001\AppData\Roaming\Code\User\globalStorage\redhat.java\1.46.0\config_ss_win -data c:\Users\Aluno SENAI.C308-LAB3-001\AppData\Roaming\Code\User\workspaceStorage\24097eb5515a1f894a3d3addbae6f95b\redhat.java\ss_ws --pipe=\\.\pipe\lsp-bb4f9c84eaa4bdf6e99bf49b9171f19a-sock

Host: AMD Ryzen 5 PRO 5650G with Radeon Graphics     , 12 cores, 7G,  Windows 10 , 64 bit Build 19041 (10.0.19041.5915)
Time: Tue Oct 21 14:43:50 2025 Hora Padrão da Bahia elapsed time: 17.364983 seconds (0d 0h 0m 17s)

---------------  T H R E A D  ---------------

Current thread (0x0000025cf45ddea0):  JavaThread "C2 CompilerThread0" daemon [_thread_in_native, id=12680, stack(0x000000da0ca00000,0x000000da0cb00000) (1024K)]


Current CompileTask:
C2:17365 4961 %     4       org.lombokweb.asm.SymbolTable::<init> @ 98 (554 bytes)

Stack: [0x000000da0ca00000,0x000000da0cb00000]
Native frames: (J=compiled Java code, j=interpreted, Vv=VM code, C=native code)
V  [jvm.dll+0x6d2449]
V  [jvm.dll+0x8ae341]
V  [jvm.dll+0x8b08be]
V  [jvm.dll+0x8b0fa3]
V  [jvm.dll+0x280c96]
V  [jvm.dll+0xc581d]
V  [jvm.dll+0xc5d53]
V  [jvm.dll+0x2f539d]
V  [jvm.dll+0x5fa00a]
V  [jvm.dll+0x252092]
V  [jvm.dll+0x24aa06]
V  [jvm.dll+0x2483a4]
V  [jvm.dll+0x1c89ee]
V  [jvm.dll+0x257d4d]
V  [jvm.dll+0x2562ea]
V  [jvm.dll+0x3f2d16]
V  [jvm.dll+0x857e6b]
V  [jvm.dll+0x6d0b0d]
C  [ucrtbase.dll+0x21bb2]
C  [KERNEL32.DLL+0x17374]
C  [ntdll.dll+0x4cc91]


---------------  P R O C E S S  ---------------

Threads class SMR info:
_java_thread_list=0x0000025cfdf8f910, length=42, elements={
0x0000025cf22b7f60, 0x0000025cf46ee380, 0x0000025cf45d18d0, 0x0000025cf45d3330,
0x0000025cf45d4040, 0x0000025cf45d66b0, 0x0000025cf45d8a60, 0x0000025cf45ddea0,
0x0000025cfdefa360, 0x0000025cf468fd30, 0x0000025cfe293120, 0x0000025cfea41410,
0x0000025cfedf1850, 0x0000025cfedf1eb0, 0x0000025cfeca0780, 0x0000025cfef57f00,
0x0000025cfef74c30, 0x0000025cfedf0450, 0x0000025cfedf0ab0, 0x0000025cffbf5e90,
0x0000025cffbf6bb0, 0x0000025cffbf4ae0, 0x0000025cffbf5800, 0x0000025cffbf7240,
0x0000025cffbf6520, 0x0000025cffbf3dc0, 0x0000025cffbf4450, 0x0000025cffbf5170,
0x0000025cd495c140, 0x0000025cd495a700, 0x0000025cd495bab0, 0x0000025cd495db80,
0x0000025cd495f5c0, 0x0000025cd495b420, 0x0000025cd495d4f0, 0x0000025cd495c7d0,
0x0000025cd495a070, 0x0000025cd495fc50, 0x0000025cd495e8a0, 0x0000025cd495ce60,
0x0000025cfdefb100, 0x0000025cfdefb7d0
}

Java Threads: ( => current thread )
  0x0000025cf22b7f60 JavaThread "main"                              [_thread_blocked, id=3412, stack(0x000000da0c000000,0x000000da0c100000) (1024K)]
  0x0000025cf46ee380 JavaThread "Reference Handler"          daemon [_thread_blocked, id=13608, stack(0x000000da0c400000,0x000000da0c500000) (1024K)]
  0x0000025cf45d18d0 JavaThread "Finalizer"                  daemon [_thread_blocked, id=12724, stack(0x000000da0c500000,0x000000da0c600000) (1024K)]
  0x0000025cf45d3330 JavaThread "Signal Dispatcher"          daemon [_thread_blocked, id=13372, stack(0x000000da0c600000,0x000000da0c700000) (1024K)]
  0x0000025cf45d4040 JavaThread "Attach Listener"            daemon [_thread_blocked, id=2360, stack(0x000000da0c700000,0x000000da0c800000) (1024K)]
  0x0000025cf45d66b0 JavaThread "Service Thread"             daemon [_thread_blocked, id=13544, stack(0x000000da0c800000,0x000000da0c900000) (1024K)]
  0x0000025cf45d8a60 JavaThread "Monitor Deflation Thread"   daemon [_thread_blocked, id=15628, stack(0x000000da0c900000,0x000000da0ca00000) (1024K)]
=>0x0000025cf45ddea0 JavaThread "C2 CompilerThread0"         daemon [_thread_in_native, id=12680, stack(0x000000da0ca00000,0x000000da0cb00000) (1024K)]
  0x0000025cfdefa360 JavaThread "C1 CompilerThread0"         daemon [_thread_in_native, id=4104, stack(0x000000da0cb00000,0x000000da0cc00000) (1024K)]
  0x0000025cf468fd30 JavaThread "Common-Cleaner"             daemon [_thread_blocked, id=11880, stack(0x000000da0cc00000,0x000000da0cd00000) (1024K)]
  0x0000025cfe293120 JavaThread "Notification Thread"        daemon [_thread_blocked, id=15528, stack(0x000000da0ce00000,0x000000da0cf00000) (1024K)]
  0x0000025cfea41410 JavaThread "Active Thread: Equinox Container: 3dc3ba9d-b61c-41ad-b73c-74b77077c2b3"        [_thread_blocked, id=2684, stack(0x000000da0d600000,0x000000da0d700000) (1024K)]
  0x0000025cfedf1850 JavaThread "Framework Event Dispatcher: Equinox Container: 3dc3ba9d-b61c-41ad-b73c-74b77077c2b3" daemon [_thread_blocked, id=13308, stack(0x000000da0d700000,0x000000da0d800000) (1024K)]
  0x0000025cfedf1eb0 JavaThread "Start Level: Equinox Container: 3dc3ba9d-b61c-41ad-b73c-74b77077c2b3" daemon [_thread_blocked, id=11384, stack(0x000000da0d800000,0x000000da0d900000) (1024K)]
  0x0000025cfeca0780 JavaThread "SCR Component Actor"        daemon [_thread_blocked, id=1068, stack(0x000000da0da00000,0x000000da0db00000) (1024K)]
  0x0000025cfef57f00 JavaThread "Worker-JM"                         [_thread_blocked, id=14628, stack(0x000000da0db00000,0x000000da0dc00000) (1024K)]
  0x0000025cfef74c30 JavaThread "JNA Cleaner"                daemon [_thread_blocked, id=16916, stack(0x000000da0de00000,0x000000da0df00000) (1024K)]
  0x0000025cfedf0450 JavaThread "Worker-0"                          [_thread_blocked, id=13944, stack(0x000000da0df00000,0x000000da0e000000) (1024K)]
  0x0000025cfedf0ab0 JavaThread "Worker-1"                          [_thread_blocked, id=10740, stack(0x000000da0e000000,0x000000da0e100000) (1024K)]
  0x0000025cffbf5e90 JavaThread "Thread-1"                   daemon [_thread_in_native, id=14420, stack(0x000000da0e300000,0x000000da0e400000) (1024K)]
  0x0000025cffbf6bb0 JavaThread "Thread-2"                   daemon [_thread_in_native, id=12840, stack(0x000000da0e400000,0x000000da0e500000) (1024K)]
  0x0000025cffbf4ae0 JavaThread "Thread-3"                   daemon [_thread_in_native, id=10520, stack(0x000000da0e500000,0x000000da0e600000) (1024K)]
  0x0000025cffbf5800 JavaThread "Thread-4"                   daemon [_thread_in_native, id=6468, stack(0x000000da0e600000,0x000000da0e700000) (1024K)]
  0x0000025cffbf7240 JavaThread "Thread-5"                   daemon [_thread_in_native, id=15232, stack(0x000000da0e700000,0x000000da0e800000) (1024K)]
  0x0000025cffbf6520 JavaThread "Thread-6"                   daemon [_thread_in_native, id=16316, stack(0x000000da0e800000,0x000000da0e900000) (1024K)]
  0x0000025cffbf3dc0 JavaThread "Thread-7"                   daemon [_thread_in_native, id=11132, stack(0x000000da0e900000,0x000000da0ea00000) (1024K)]
  0x0000025cffbf4450 JavaThread "Thread-8"                   daemon [_thread_in_native, id=15512, stack(0x000000da0ea00000,0x000000da0eb00000) (1024K)]
  0x0000025cffbf5170 JavaThread "Thread-9"                   daemon [_thread_in_native, id=16932, stack(0x000000da0eb00000,0x000000da0ec00000) (1024K)]
  0x0000025cd495c140 JavaThread "Thread-10"                  daemon [_thread_in_native, id=16684, stack(0x000000da0ec00000,0x000000da0ed00000) (1024K)]
  0x0000025cd495a700 JavaThread "Thread-11"                  daemon [_thread_in_native, id=7924, stack(0x000000da0ed00000,0x000000da0ee00000) (1024K)]
  0x0000025cd495bab0 JavaThread "Thread-12"                  daemon [_thread_in_native, id=8060, stack(0x000000da0ee00000,0x000000da0ef00000) (1024K)]
  0x0000025cd495db80 JavaThread "Thread-13"                  daemon [_thread_in_native, id=14176, stack(0x000000da0ef00000,0x000000da0f000000) (1024K)]
  0x0000025cd495f5c0 JavaThread "pool-2-thread-1"                   [_thread_blocked, id=8084, stack(0x000000da0f000000,0x000000da0f100000) (1024K)]
  0x0000025cd495b420 JavaThread "WorkspaceEventsHandler"            [_thread_blocked, id=15476, stack(0x000000da0f100000,0x000000da0f200000) (1024K)]
  0x0000025cd495d4f0 JavaThread "pool-1-thread-1"                   [_thread_blocked, id=3508, stack(0x000000da0f200000,0x000000da0f300000) (1024K)]
  0x0000025cd495c7d0 JavaThread "Worker-2"                          [_thread_blocked, id=3004, stack(0x000000da0f300000,0x000000da0f400000) (1024K)]
  0x0000025cd495a070 JavaThread "ForkJoinPool.commonPool-worker-1" daemon [_thread_in_Java, id=11092, stack(0x000000da0f400000,0x000000da0f500000) (1024K)]
  0x0000025cd495fc50 JavaThread "ForkJoinPool.commonPool-worker-2" daemon [_thread_blocked, id=16948, stack(0x000000da0f500000,0x000000da0f600000) (1024K)]
  0x0000025cd495e8a0 JavaThread "Compiler Source File Reader" daemon [_thread_blocked, id=15212, stack(0x000000da0cf00000,0x000000da0d000000) (1024K)]
  0x0000025cd495ce60 JavaThread "Compiler Processing Task"   daemon [_thread_blocked, id=12180, stack(0x000000da0f600000,0x000000da0f700000) (1024K)]
  0x0000025cfdefb100 JavaThread "C2 CompilerThread1"         daemon [_thread_in_native, id=9772, stack(0x000000da0cd00000,0x000000da0ce00000) (1024K)]
  0x0000025cfdefb7d0 JavaThread "C2 CompilerThread2"         daemon [_thread_in_native, id=480, stack(0x000000da0f700000,0x000000da0f800000) (1024K)]
Total: 42

Other Threads:
  0x0000025cf46e4930 VMThread "VM Thread"                           [id=2160, stack(0x000000da0c300000,0x000000da0c400000) (1024K)]
  0x0000025cf468ed00 WatcherThread "VM Periodic Task Thread"        [id=3164, stack(0x000000da0c200000,0x000000da0c300000) (1024K)]
  0x0000025cf46423e0 WorkerThread "GC Thread#0"                     [id=2692, stack(0x000000da0c100000,0x000000da0c200000) (1024K)]
  0x0000025cfe5ded60 WorkerThread "GC Thread#1"                     [id=6296, stack(0x000000da0d000000,0x000000da0d100000) (1024K)]
  0x0000025cfea22ab0 WorkerThread "GC Thread#2"                     [id=16848, stack(0x000000da0d100000,0x000000da0d200000) (1024K)]
  0x0000025cfe43f5b0 WorkerThread "GC Thread#3"                     [id=11804, stack(0x000000da0d200000,0x000000da0d300000) (1024K)]
  0x0000025cfe43f950 WorkerThread "GC Thread#4"                     [id=12760, stack(0x000000da0d300000,0x000000da0d400000) (1024K)]
  0x0000025cfe43fcf0 WorkerThread "GC Thread#5"                     [id=13368, stack(0x000000da0d400000,0x000000da0d500000) (1024K)]
  0x0000025cfe440090 WorkerThread "GC Thread#6"                     [id=1788, stack(0x000000da0d500000,0x000000da0d600000) (1024K)]
  0x0000025cfe9c8130 WorkerThread "GC Thread#7"                     [id=14936, stack(0x000000da0d900000,0x000000da0da00000) (1024K)]
  0x0000025cfecde9d0 WorkerThread "GC Thread#8"                     [id=13400, stack(0x000000da0dc00000,0x000000da0dd00000) (1024K)]
  0x0000025cfecf0770 WorkerThread "GC Thread#9"                     [id=8796, stack(0x000000da0dd00000,0x000000da0de00000) (1024K)]
Total: 12

Threads with active compile tasks:
C2 CompilerThread0  17382 4961 %     4       org.lombokweb.asm.SymbolTable::<init> @ 98 (554 bytes)
C2 CompilerThread1  17382 5003 %     4       org.lombokweb.asm.ClassReader::readCode @ 1631 (5117 bytes)
C2 CompilerThread2  17382 5005       4       org.lombokweb.asm.SymbolTable::addConstantMemberReference (147 bytes)
Total: 3

VM state: not at safepoint (normal execution)

VM Mutex/Monitor currently owned by a thread: None

Heap address: 0x0000000080000000, size: 2048 MB, Compressed Oops mode: 32-bit

CDS archive(s) mapped at: [0x0000025c8f000000-0x0000025c8fba0000-0x0000025c8fba0000), size 12189696, SharedBaseAddress: 0x0000025c8f000000, ArchiveRelocationMode: 1.
Compressed class space mapped at: 0x0000025c90000000-0x0000025cd0000000, reserved size: 1073741824
Narrow klass base: 0x0000025c8f000000, Narrow klass shift: 0, Narrow klass range: 0x100000000

GC Precious Log:
 CardTable entry size: 512
 CPUs: 12 total, 12 available
 Memory: 7553M
 Large Page Support: Disabled
 NUMA Support: Disabled
 Compressed Oops: Enabled (32-bit)
 Alignments: Space 512K, Generation 512K, Heap 2M
 Heap Min Capacity: 100M
 Heap Initial Capacity: 100M
 Heap Max Capacity: 2G
 Pre-touch: Disabled
 Parallel Workers: 10

Heap:
 PSYoungGen      total 22016K, used 6421K [0x00000000d5580000, 0x00000000d6d00000, 0x0000000100000000)
  eden space 19968K, 22% used [0x00000000d5580000,0x00000000d59e65a8,0x00000000d6900000)
  from space 2048K, 93% used [0x00000000d6900000,0x00000000d6adf1a0,0x00000000d6b00000)
  to   space 2048K, 0% used [0x00000000d6b00000,0x00000000d6b00000,0x00000000d6d00000)
 ParOldGen       total 68608K, used 29537K [0x0000000080000000, 0x0000000084300000, 0x00000000d5580000)
  object space 68608K, 43% used [0x0000000080000000,0x0000000081cd8760,0x0000000084300000)
 Metaspace       used 39571K, committed 40640K, reserved 1114112K
  class space    used 4045K, committed 4544K, reserved 1048576K

Card table byte_map: [0x0000025cf3fd0000,0x0000025cf43e0000] _byte_map_base: 0x0000025cf3bd0000

Marking Bits: (ParMarkBitMap*) 0x00007ff8eed7a340
 Begin Bits: [0x0000025cf7ad0000, 0x0000025cf9ad0000)
 End Bits:   [0x0000025cf9ad0000, 0x0000025cfbad0000)

Polling page: 0x0000025cf2480000

Metaspace:

Usage:
  Non-class:     34.69 MB used.
      Class:      3.95 MB used.
       Both:     38.64 MB used.

Virtual space:
  Non-class space:       64.00 MB reserved,      35.25 MB ( 55%) committed,  1 nodes.
      Class space:        1.00 GB reserved,       4.44 MB ( <1%) committed,  1 nodes.
             Both:        1.06 GB reserved,      39.69 MB (  4%) committed. 

Chunk freelists:
   Non-Class:  11.89 MB
       Class:  11.61 MB
        Both:  23.50 MB

MaxMetaspaceSize: unlimited
CompressedClassSpaceSize: 1.00 GB
Initial GC threshold: 21.00 MB
Current GC threshold: 58.38 MB
CDS: on
 - commit_granule_bytes: 65536.
 - commit_granule_words: 8192.
 - virtual_space_node_default_size: 8388608.
 - enlarge_chunks_in_place: 1.
 - use_allocation_guard: 0.


Internal statistics:

num_allocs_failed_limit: 6.
num_arena_births: 764.
num_arena_deaths: 44.
num_vsnodes_births: 2.
num_vsnodes_deaths: 0.
num_space_committed: 635.
num_space_uncommitted: 0.
num_chunks_returned_to_freelist: 61.
num_chunks_taken_from_freelist: 2469.
num_chunk_merges: 10.
num_chunk_splits: 1538.
num_chunks_enlarged: 944.
num_inconsistent_stats: 0.

CodeHeap 'non-profiled nmethods': size=120000Kb used=2536Kb max_used=2536Kb free=117463Kb
 bounds [0x0000025c87ad0000, 0x0000025c87d50000, 0x0000025c8f000000]
CodeHeap 'profiled nmethods': size=120000Kb used=9352Kb max_used=9352Kb free=110647Kb
 bounds [0x0000025c80000000, 0x0000025c80930000, 0x0000025c87530000]
CodeHeap 'non-nmethods': size=5760Kb used=1399Kb max_used=1420Kb free=4360Kb
 bounds [0x0000025c87530000, 0x0000025c877a0000, 0x0000025c87ad0000]
CodeCache: size=245760Kb, used=13287Kb, max_used=13308Kb, free=232470Kb
 total_blobs=5331, nmethods=4620, adapters=615, full_count=0
Compilation: enabled, stopped_count=0, restarted_count=0

Compilation events (20 events):
Event: 17.340 Thread 0x0000025cfdefa360 4987       3       java.util.regex.IntHashSet::<init> (42 bytes)
Event: 17.340 Thread 0x0000025cfdefa360 nmethod 4987 0x0000025c808f8f10 code [0x0000025c808f90e0, 0x0000025c808f9420]
Event: 17.340 Thread 0x0000025cfdefa360 4988       3       lombok.patcher.Hook::getMethodDescriptor (80 bytes)
Event: 17.340 Thread 0x0000025cfdefb100 nmethod 4978 0x0000025c87b29a10 code [0x0000025c87b29c20, 0x0000025c87b2a458]
Event: 17.340 Thread 0x0000025cfdefb100 4982       4       org.lombokweb.asm.ClassReader::<init> (359 bytes)
Event: 17.340 Thread 0x0000025cfdefa360 nmethod 4988 0x0000025c808f9510 code [0x0000025c808f97c0, 0x0000025c808fa238]
Event: 17.342 Thread 0x0000025cfdefa360 4989       3       org.lombokweb.asm.ClassReader::readCode (5117 bytes)
Event: 17.352 Thread 0x0000025cfdefb100 nmethod 4982 0x0000025c87b28690 code [0x0000025c87b288e0, 0x0000025c87b293d0]
Event: 17.352 Thread 0x0000025cfdefb100 4991       4       org.lombokweb.asm.MethodWriter::visitLabel (332 bytes)
Event: 17.352 Thread 0x0000025cfdefb7d0 4977       4       java.util.regex.Matcher::reset (128 bytes)
Event: 17.357 Thread 0x0000025cfdefb100 nmethod 4991 0x0000025c87bc8510 code [0x0000025c87bc86e0, 0x0000025c87bc8c68]
Event: 17.357 Thread 0x0000025cfdefb100 4984       4       java.util.Arrays::fill (21 bytes)
Event: 17.358 Thread 0x0000025cfdefb7d0 nmethod 4977 0x0000025c87b28010 code [0x0000025c87b281c0, 0x0000025c87b284c8]
Event: 17.358 Thread 0x0000025cfdefb7d0 4997       4       java.util.regex.Matcher::match (154 bytes)
Event: 17.359 Thread 0x0000025cfdefb100 nmethod 4984 0x0000025c87bc8110 code [0x0000025c87bc82a0, 0x0000025c87bc83d0]
Event: 17.359 Thread 0x0000025cfdefb100 4981       4       org.lombokweb.asm.Label::resolve (259 bytes)
Event: 17.362 Thread 0x0000025cfdefb7d0 nmethod 4997 0x0000025c87b27990 code [0x0000025c87b27b40, 0x0000025c87b27e20]
Event: 17.362 Thread 0x0000025cfdefb7d0 4963       4       lombok.patcher.MethodTarget::typeMatches (14 bytes)
Event: 17.363 Thread 0x0000025cfdefb100 nmethod 4981 0x0000025c87b39d10 code [0x0000025c87b39ec0, 0x0000025c87b3a298]
Event: 17.363 Thread 0x0000025cfdefb100 4998       4       org.lombokweb.asm.MethodWriter::visitVarInsn (302 bytes)

GC Heap History (20 events):
Event: 3.526 GC heap before
{Heap before GC invocations=13 (full 1):
 PSYoungGen      total 24576K, used 24096K [0x00000000d5580000, 0x00000000d7180000, 0x0000000100000000)
  eden space 22016K, 100% used [0x00000000d5580000,0x00000000d6b00000,0x00000000d6b00000)
  from space 2560K, 81% used [0x00000000d6c00000,0x00000000d6e08010,0x00000000d6e80000)
  to   space 2560K, 0% used [0x00000000d6f00000,0x00000000d6f00000,0x00000000d7180000)
 ParOldGen       total 68608K, used 16118K [0x0000000080000000, 0x0000000084300000, 0x00000000d5580000)
  object space 68608K, 23% used [0x0000000080000000,0x0000000080fbdb58,0x0000000084300000)
 Metaspace       used 31992K, committed 33024K, reserved 1114112K
  class space    used 3260K, committed 3712K, reserved 1048576K
}
Event: 3.528 GC heap after
{Heap after GC invocations=13 (full 1):
 PSYoungGen      total 24576K, used 2530K [0x00000000d5580000, 0x00000000d7180000, 0x0000000100000000)
  eden space 22016K, 0% used [0x00000000d5580000,0x00000000d5580000,0x00000000d6b00000)
  from space 2560K, 98% used [0x00000000d6f00000,0x00000000d7178840,0x00000000d7180000)
  to   space 3072K, 0% used [0x00000000d6b80000,0x00000000d6b80000,0x00000000d6e80000)
 ParOldGen       total 68608K, used 18046K [0x0000000080000000, 0x0000000084300000, 0x00000000d5580000)
  object space 68608K, 26% used [0x0000000080000000,0x000000008119fb58,0x0000000084300000)
 Metaspace       used 31992K, committed 33024K, reserved 1114112K
  class space    used 3260K, committed 3712K, reserved 1048576K
}
Event: 3.568 GC heap before
{Heap before GC invocations=14 (full 1):
 PSYoungGen      total 24576K, used 24546K [0x00000000d5580000, 0x00000000d7180000, 0x0000000100000000)
  eden space 22016K, 100% used [0x00000000d5580000,0x00000000d6b00000,0x00000000d6b00000)
  from space 2560K, 98% used [0x00000000d6f00000,0x00000000d7178840,0x00000000d7180000)
  to   space 3072K, 0% used [0x00000000d6b80000,0x00000000d6b80000,0x00000000d6e80000)
 ParOldGen       total 68608K, used 18046K [0x0000000080000000, 0x0000000084300000, 0x00000000d5580000)
  object space 68608K, 26% used [0x0000000080000000,0x000000008119fb58,0x0000000084300000)
 Metaspace       used 32017K, committed 33024K, reserved 1114112K
  class space    used 3260K, committed 3712K, reserved 1048576K
}
Event: 3.571 GC heap after
{Heap after GC invocations=14 (full 1):
 PSYoungGen      total 24576K, used 2176K [0x00000000d5580000, 0x00000000d7000000, 0x0000000100000000)
  eden space 22016K, 0% used [0x00000000d5580000,0x00000000d5580000,0x00000000d6b00000)
  from space 2560K, 85% used [0x00000000d6b80000,0x00000000d6da0000,0x00000000d6e00000)
  to   space 2048K, 0% used [0x00000000d6e00000,0x00000000d6e00000,0x00000000d7000000)
 ParOldGen       total 68608K, used 20393K [0x0000000080000000, 0x0000000084300000, 0x00000000d5580000)
  object space 68608K, 29% used [0x0000000080000000,0x00000000813ea698,0x0000000084300000)
 Metaspace       used 32017K, committed 33024K, reserved 1114112K
  class space    used 3260K, committed 3712K, reserved 1048576K
}
Event: 3.622 GC heap before
{Heap before GC invocations=15 (full 1):
 PSYoungGen      total 24576K, used 24192K [0x00000000d5580000, 0x00000000d7000000, 0x0000000100000000)
  eden space 22016K, 100% used [0x00000000d5580000,0x00000000d6b00000,0x00000000d6b00000)
  from space 2560K, 85% used [0x00000000d6b80000,0x00000000d6da0000,0x00000000d6e00000)
  to   space 2048K, 0% used [0x00000000d6e00000,0x00000000d6e00000,0x00000000d7000000)
 ParOldGen       total 68608K, used 20393K [0x0000000080000000, 0x0000000084300000, 0x00000000d5580000)
  object space 68608K, 29% used [0x0000000080000000,0x00000000813ea698,0x0000000084300000)
 Metaspace       used 32027K, committed 33024K, reserved 1114112K
  class space    used 3260K, committed 3712K, reserved 1048576K
}
Event: 3.625 GC heap after
{Heap after GC invocations=15 (full 1):
 PSYoungGen      total 22528K, used 2020K [0x00000000d5580000, 0x00000000d7400000, 0x0000000100000000)
  eden space 20480K, 0% used [0x00000000d5580000,0x00000000d5580000,0x00000000d6980000)
  from space 2048K, 98% used [0x00000000d6e00000,0x00000000d6ff9000,0x00000000d7000000)
  to   space 4608K, 0% used [0x00000000d6980000,0x00000000d6980000,0x00000000d6e00000)
 ParOldGen       total 68608K, used 22444K [0x0000000080000000, 0x0000000084300000, 0x00000000d5580000)
  object space 68608K, 32% used [0x0000000080000000,0x00000000815eb110,0x0000000084300000)
 Metaspace       used 32027K, committed 33024K, reserved 1114112K
  class space    used 3260K, committed 3712K, reserved 1048576K
}
Event: 3.680 GC heap before
{Heap before GC invocations=16 (full 1):
 PSYoungGen      total 22528K, used 22500K [0x00000000d5580000, 0x00000000d7400000, 0x0000000100000000)
  eden space 20480K, 100% used [0x00000000d5580000,0x00000000d6980000,0x00000000d6980000)
  from space 2048K, 98% used [0x00000000d6e00000,0x00000000d6ff9000,0x00000000d7000000)
  to   space 4608K, 0% used [0x00000000d6980000,0x00000000d6980000,0x00000000d6e00000)
 ParOldGen       total 68608K, used 22444K [0x0000000080000000, 0x0000000084300000, 0x00000000d5580000)
  object space 68608K, 32% used [0x0000000080000000,0x00000000815eb110,0x0000000084300000)
 Metaspace       used 32079K, committed 33088K, reserved 1114112K
  class space    used 3263K, committed 3712K, reserved 1048576K
}
Event: 3.685 GC heap after
{Heap after GC invocations=16 (full 1):
 PSYoungGen      total 23040K, used 2048K [0x00000000d5580000, 0x00000000d6f80000, 0x0000000100000000)
  eden space 20480K, 0% used [0x00000000d5580000,0x00000000d5580000,0x00000000d6980000)
  from space 2560K, 80% used [0x00000000d6980000,0x00000000d6b80010,0x00000000d6c00000)
  to   space 3072K, 0% used [0x00000000d6c80000,0x00000000d6c80000,0x00000000d6f80000)
 ParOldGen       total 68608K, used 24434K [0x0000000080000000, 0x0000000084300000, 0x00000000d5580000)
  object space 68608K, 35% used [0x0000000080000000,0x00000000817dc928,0x0000000084300000)
 Metaspace       used 32079K, committed 33088K, reserved 1114112K
  class space    used 3263K, committed 3712K, reserved 1048576K
}
Event: 3.734 GC heap before
{Heap before GC invocations=17 (full 1):
 PSYoungGen      total 23040K, used 22528K [0x00000000d5580000, 0x00000000d6f80000, 0x0000000100000000)
  eden space 20480K, 100% used [0x00000000d5580000,0x00000000d6980000,0x00000000d6980000)
  from space 2560K, 80% used [0x00000000d6980000,0x00000000d6b80010,0x00000000d6c00000)
  to   space 3072K, 0% used [0x00000000d6c80000,0x00000000d6c80000,0x00000000d6f80000)
 ParOldGen       total 68608K, used 24434K [0x0000000080000000, 0x0000000084300000, 0x00000000d5580000)
  object space 68608K, 35% used [0x0000000080000000,0x00000000817dc928,0x0000000084300000)
 Metaspace       used 32195K, committed 33152K, reserved 1114112K
  class space    used 3264K, committed 3712K, reserved 1048576K
}
Event: 3.736 GC heap after
{Heap after GC invocations=17 (full 1):
 PSYoungGen      total 22528K, used 1912K [0x00000000d5580000, 0x00000000d6e80000, 0x0000000100000000)
  eden space 20480K, 0% used [0x00000000d5580000,0x00000000d5580000,0x00000000d6980000)
  from space 2048K, 93% used [0x00000000d6c80000,0x00000000d6e5e200,0x00000000d6e80000)
  to   space 2560K, 0% used [0x00000000d6980000,0x00000000d6980000,0x00000000d6c00000)
 ParOldGen       total 68608K, used 26426K [0x0000000080000000, 0x0000000084300000, 0x00000000d5580000)
  object space 68608K, 38% used [0x0000000080000000,0x00000000819ce938,0x0000000084300000)
 Metaspace       used 32195K, committed 33152K, reserved 1114112K
  class space    used 3264K, committed 3712K, reserved 1048576K
}
Event: 15.679 GC heap before
{Heap before GC invocations=18 (full 1):
 PSYoungGen      total 22528K, used 22330K [0x00000000d5580000, 0x00000000d6e80000, 0x0000000100000000)
  eden space 20480K, 99% used [0x00000000d5580000,0x00000000d69708c0,0x00000000d6980000)
  from space 2048K, 93% used [0x00000000d6c80000,0x00000000d6e5e200,0x00000000d6e80000)
  to   space 2560K, 0% used [0x00000000d6980000,0x00000000d6980000,0x00000000d6c00000)
 ParOldGen       total 68608K, used 26426K [0x0000000080000000, 0x0000000084300000, 0x00000000d5580000)
  object space 68608K, 38% used [0x0000000080000000,0x00000000819ce938,0x0000000084300000)
 Metaspace       used 34029K, committed 35136K, reserved 1114112K
  class space    used 3493K, committed 3968K, reserved 1048576K
}
Event: 15.681 GC heap after
{Heap after GC invocations=18 (full 1):
 PSYoungGen      total 22016K, used 1368K [0x00000000d5580000, 0x00000000d6d80000, 0x0000000100000000)
  eden space 20480K, 0% used [0x00000000d5580000,0x00000000d5580000,0x00000000d6980000)
  from space 1536K, 89% used [0x00000000d6980000,0x00000000d6ad60b0,0x00000000d6b00000)
  to   space 2048K, 0% used [0x00000000d6b80000,0x00000000d6b80000,0x00000000d6d80000)
 ParOldGen       total 68608K, used 28178K [0x0000000080000000, 0x0000000084300000, 0x00000000d5580000)
  object space 68608K, 41% used [0x0000000080000000,0x0000000081b84b38,0x0000000084300000)
 Metaspace       used 34029K, committed 35136K, reserved 1114112K
  class space    used 3493K, committed 3968K, reserved 1048576K
}
Event: 15.792 GC heap before
{Heap before GC invocations=19 (full 1):
 PSYoungGen      total 22016K, used 16426K [0x00000000d5580000, 0x00000000d6d80000, 0x0000000100000000)
  eden space 20480K, 73% used [0x00000000d5580000,0x00000000d6434888,0x00000000d6980000)
  from space 1536K, 89% used [0x00000000d6980000,0x00000000d6ad60b0,0x00000000d6b00000)
  to   space 2048K, 0% used [0x00000000d6b80000,0x00000000d6b80000,0x00000000d6d80000)
 ParOldGen       total 68608K, used 28178K [0x0000000080000000, 0x0000000084300000, 0x00000000d5580000)
  object space 68608K, 41% used [0x0000000080000000,0x0000000081b84b38,0x0000000084300000)
 Metaspace       used 34846K, committed 35840K, reserved 1114112K
  class space    used 3595K, committed 4032K, reserved 1048576K
}
Event: 15.794 GC heap after
{Heap after GC invocations=19 (full 1):
 PSYoungGen      total 21504K, used 672K [0x00000000d5580000, 0x00000000d6c80000, 0x0000000100000000)
  eden space 20480K, 0% used [0x00000000d5580000,0x00000000d5580000,0x00000000d6980000)
  from space 1024K, 65% used [0x00000000d6b80000,0x00000000d6c28020,0x00000000d6c80000)
  to   space 1024K, 0% used [0x00000000d6a80000,0x00000000d6a80000,0x00000000d6b80000)
 ParOldGen       total 68608K, used 29355K [0x0000000080000000, 0x0000000084300000, 0x00000000d5580000)
  object space 68608K, 42% used [0x0000000080000000,0x0000000081caae20,0x0000000084300000)
 Metaspace       used 34846K, committed 35840K, reserved 1114112K
  class space    used 3595K, committed 4032K, reserved 1048576K
}
Event: 15.794 GC heap before
{Heap before GC invocations=20 (full 2):
 PSYoungGen      total 21504K, used 672K [0x00000000d5580000, 0x00000000d6c80000, 0x0000000100000000)
  eden space 20480K, 0% used [0x00000000d5580000,0x00000000d5580000,0x00000000d6980000)
  from space 1024K, 65% used [0x00000000d6b80000,0x00000000d6c28020,0x00000000d6c80000)
  to   space 1024K, 0% used [0x00000000d6a80000,0x00000000d6a80000,0x00000000d6b80000)
 ParOldGen       total 68608K, used 29355K [0x0000000080000000, 0x0000000084300000, 0x00000000d5580000)
  object space 68608K, 42% used [0x0000000080000000,0x0000000081caae20,0x0000000084300000)
 Metaspace       used 34846K, committed 35840K, reserved 1114112K
  class space    used 3595K, committed 4032K, reserved 1048576K
}
Event: 15.835 GC heap after
{Heap after GC invocations=20 (full 2):
 PSYoungGen      total 21504K, used 0K [0x00000000d5580000, 0x00000000d6c80000, 0x0000000100000000)
  eden space 20480K, 0% used [0x00000000d5580000,0x00000000d5580000,0x00000000d6980000)
  from space 1024K, 0% used [0x00000000d6b80000,0x00000000d6b80000,0x00000000d6c80000)
  to   space 1024K, 0% used [0x00000000d6a80000,0x00000000d6a80000,0x00000000d6b80000)
 ParOldGen       total 68608K, used 28062K [0x0000000080000000, 0x0000000084300000, 0x00000000d5580000)
  object space 68608K, 40% used [0x0000000080000000,0x0000000081b67a30,0x0000000084300000)
 Metaspace       used 34819K, committed 35840K, reserved 1114112K
  class space    used 3588K, committed 4032K, reserved 1048576K
}
Event: 16.039 GC heap before
{Heap before GC invocations=21 (full 2):
 PSYoungGen      total 21504K, used 20480K [0x00000000d5580000, 0x00000000d6c80000, 0x0000000100000000)
  eden space 20480K, 100% used [0x00000000d5580000,0x00000000d6980000,0x00000000d6980000)
  from space 1024K, 0% used [0x00000000d6b80000,0x00000000d6b80000,0x00000000d6c80000)
  to   space 1024K, 0% used [0x00000000d6a80000,0x00000000d6a80000,0x00000000d6b80000)
 ParOldGen       total 68608K, used 28062K [0x0000000080000000, 0x0000000084300000, 0x00000000d5580000)
  object space 68608K, 40% used [0x0000000080000000,0x0000000081b67a30,0x0000000084300000)
 Metaspace       used 36482K, committed 37504K, reserved 1114112K
  class space    used 3762K, committed 4224K, reserved 1048576K
}
Event: 16.040 GC heap after
{Heap after GC invocations=21 (full 2):
 PSYoungGen      total 20992K, used 448K [0x00000000d5580000, 0x00000000d6c00000, 0x0000000100000000)
  eden space 20480K, 0% used [0x00000000d5580000,0x00000000d5580000,0x00000000d6980000)
  from space 512K, 87% used [0x00000000d6a80000,0x00000000d6af0000,0x00000000d6b00000)
  to   space 1024K, 0% used [0x00000000d6b00000,0x00000000d6b00000,0x00000000d6c00000)
 ParOldGen       total 68608K, used 28070K [0x0000000080000000, 0x0000000084300000, 0x00000000d5580000)
  object space 68608K, 40% used [0x0000000080000000,0x0000000081b69a30,0x0000000084300000)
 Metaspace       used 36482K, committed 37504K, reserved 1114112K
  class space    used 3762K, committed 4224K, reserved 1048576K
}
Event: 17.291 GC heap before
{Heap before GC invocations=22 (full 2):
 PSYoungGen      total 20992K, used 20928K [0x00000000d5580000, 0x00000000d6c00000, 0x0000000100000000)
  eden space 20480K, 100% used [0x00000000d5580000,0x00000000d6980000,0x00000000d6980000)
  from space 512K, 87% used [0x00000000d6a80000,0x00000000d6af0000,0x00000000d6b00000)
  to   space 1024K, 0% used [0x00000000d6b00000,0x00000000d6b00000,0x00000000d6c00000)
 ParOldGen       total 68608K, used 28070K [0x0000000080000000, 0x0000000084300000, 0x00000000d5580000)
  object space 68608K, 40% used [0x0000000080000000,0x0000000081b69a30,0x0000000084300000)
 Metaspace       used 39509K, committed 40640K, reserved 1114112K
  class space    used 4041K, committed 4544K, reserved 1048576K
}
Event: 17.293 GC heap after
{Heap after GC invocations=22 (full 2):
 PSYoungGen      total 20992K, used 1000K [0x00000000d5580000, 0x00000000d6d80000, 0x0000000100000000)
  eden space 19968K, 0% used [0x00000000d5580000,0x00000000d5580000,0x00000000d6900000)
  from space 1024K, 97% used [0x00000000d6b00000,0x00000000d6bfa1b8,0x00000000d6c00000)
  to   space 2048K, 0% used [0x00000000d6900000,0x00000000d6900000,0x00000000d6b00000)
 ParOldGen       total 68608K, used 28654K [0x0000000080000000, 0x0000000084300000, 0x00000000d5580000)
  object space 68608K, 41% used [0x0000000080000000,0x0000000081bfba60,0x0000000084300000)
 Metaspace       used 39509K, committed 40640K, reserved 1114112K
  class space    used 4041K, committed 4544K, reserved 1048576K
}

Dll operation events (10 events):
Event: 0.041 Loaded shared library c:\Users\Aluno SENAI.C308-LAB3-001\.vscode\extensions\redhat.java-1.46.0-win32-x64\jre\21.0.8-win32-x86_64\bin\java.dll
Event: 0.108 Loaded shared library c:\Users\Aluno SENAI.C308-LAB3-001\.vscode\extensions\redhat.java-1.46.0-win32-x64\jre\21.0.8-win32-x86_64\bin\zip.dll
Event: 0.158 Loaded shared library C:\Users\Aluno SENAI.C308-LAB3-001\.vscode\extensions\redhat.java-1.46.0-win32-x64\jre\21.0.8-win32-x86_64\bin\instrument.dll
Event: 0.164 Loaded shared library C:\Users\Aluno SENAI.C308-LAB3-001\.vscode\extensions\redhat.java-1.46.0-win32-x64\jre\21.0.8-win32-x86_64\bin\net.dll
Event: 0.166 Loaded shared library C:\Users\Aluno SENAI.C308-LAB3-001\.vscode\extensions\redhat.java-1.46.0-win32-x64\jre\21.0.8-win32-x86_64\bin\nio.dll
Event: 0.168 Loaded shared library C:\Users\Aluno SENAI.C308-LAB3-001\.vscode\extensions\redhat.java-1.46.0-win32-x64\jre\21.0.8-win32-x86_64\bin\zip.dll
Event: 0.186 Loaded shared library C:\Users\Aluno SENAI.C308-LAB3-001\.vscode\extensions\redhat.java-1.46.0-win32-x64\jre\21.0.8-win32-x86_64\bin\jimage.dll
Event: 0.244 Loaded shared library c:\Users\Aluno SENAI.C308-LAB3-001\.vscode\extensions\redhat.java-1.46.0-win32-x64\jre\21.0.8-win32-x86_64\bin\verify.dll
Event: 1.078 Loaded shared library C:\Users\Aluno SENAI.C308-LAB3-001\AppData\Roaming\Code\User\globalStorage\redhat.java\1.46.0\config_ss_win\org.eclipse.equinox.launcher\org.eclipse.equinox.launcher.win32.win32.x86_64_1.2.1400.v20250801-0854\eclipse_11916.dll
Event: 1.774 Loaded shared library C:\Users\Aluno SENAI.C308-LAB3-001\AppData\Local\Temp\jna-1849036239\jna12237476929401240330.dll

Deoptimization events (20 events):
Event: 17.338 Thread 0x0000025cd495a070 DEOPT PACKING pc=0x0000025c87c6e338 sp=0x000000da0f4fb6f0
Event: 17.338 Thread 0x0000025cd495a070 DEOPT UNPACKING pc=0x0000025c87583aa2 sp=0x000000da0f4fb698 mode 2
Event: 17.338 Thread 0x0000025cd495a070 Uncommon trap: trap_request=0xffffffde fr.pc=0x0000025c87c6e338 relative=0x0000000000008398
Event: 17.338 Thread 0x0000025cd495a070 Uncommon trap: reason=class_check action=maybe_recompile pc=0x0000025c87c6e338 method=lombok.patcher.PatchScript$MethodPatcher.visitMethod(ILjava/lang/String;Ljava/lang/String;Ljava/lang/String;[Ljava/lang/String;)Lorg/lombokweb/asm/MethodVisitor; @ 101 c
Event: 17.338 Thread 0x0000025cd495a070 DEOPT PACKING pc=0x0000025c87c6e338 sp=0x000000da0f4fb6f0
Event: 17.338 Thread 0x0000025cd495a070 DEOPT UNPACKING pc=0x0000025c87583aa2 sp=0x000000da0f4fb698 mode 2
Event: 17.338 Thread 0x0000025cd495a070 Uncommon trap: trap_request=0xffffffde fr.pc=0x0000025c87c6e338 relative=0x0000000000008398
Event: 17.338 Thread 0x0000025cd495a070 Uncommon trap: reason=class_check action=maybe_recompile pc=0x0000025c87c6e338 method=lombok.patcher.PatchScript$MethodPatcher.visitMethod(ILjava/lang/String;Ljava/lang/String;Ljava/lang/String;[Ljava/lang/String;)Lorg/lombokweb/asm/MethodVisitor; @ 101 c
Event: 17.338 Thread 0x0000025cd495a070 DEOPT PACKING pc=0x0000025c87c6e338 sp=0x000000da0f4fb6f0
Event: 17.338 Thread 0x0000025cd495a070 DEOPT UNPACKING pc=0x0000025c87583aa2 sp=0x000000da0f4fb698 mode 2
Event: 17.338 Thread 0x0000025cd495a070 Uncommon trap: trap_request=0xffffffde fr.pc=0x0000025c87c6e338 relative=0x0000000000008398
Event: 17.338 Thread 0x0000025cd495a070 Uncommon trap: reason=class_check action=maybe_recompile pc=0x0000025c87c6e338 method=lombok.patcher.PatchScript$MethodPatcher.visitMethod(ILjava/lang/String;Ljava/lang/String;Ljava/lang/String;[Ljava/lang/String;)Lorg/lombokweb/asm/MethodVisitor; @ 101 c
Event: 17.338 Thread 0x0000025cd495a070 DEOPT PACKING pc=0x0000025c87c6e338 sp=0x000000da0f4fb6f0
Event: 17.338 Thread 0x0000025cd495a070 DEOPT UNPACKING pc=0x0000025c87583aa2 sp=0x000000da0f4fb698 mode 2
Event: 17.338 Thread 0x0000025cd495a070 Uncommon trap: trap_request=0xffffffde fr.pc=0x0000025c87c0bcb0 relative=0x0000000000000ff0
Event: 17.338 Thread 0x0000025cd495a070 Uncommon trap: reason=class_check action=maybe_recompile pc=0x0000025c87c0bcb0 method=lombok.patcher.PatchScript$MethodPatcher.visitMethod(ILjava/lang/String;Ljava/lang/String;Ljava/lang/String;[Ljava/lang/String;)Lorg/lombokweb/asm/MethodVisitor; @ 101 c
Event: 17.338 Thread 0x0000025cd495a070 DEOPT PACKING pc=0x0000025c87c0bcb0 sp=0x000000da0f4fb6b0
Event: 17.338 Thread 0x0000025cd495a070 DEOPT UNPACKING pc=0x0000025c87583aa2 sp=0x000000da0f4fb698 mode 2
Event: 17.348 Thread 0x0000025cd495a070 DEOPT PACKING pc=0x0000025c804fe433 sp=0x000000da0f4fb850
Event: 17.348 Thread 0x0000025cd495a070 DEOPT UNPACKING pc=0x0000025c87584242 sp=0x000000da0f4fad80 mode 0

Classes loaded (20 events):
Event: 16.054 Loading class java/nio/file/Files$2
Event: 16.054 Loading class java/nio/file/Files$2 done
Event: 16.056 Loading class java/util/Collections$SynchronizedRandomAccessList
Event: 16.056 Loading class java/util/concurrent/ArrayBlockingQueue
Event: 16.056 Loading class java/util/Collections$SynchronizedList
Event: 16.056 Loading class java/util/Collections$SynchronizedList done
Event: 16.056 Loading class java/util/Collections$SynchronizedRandomAccessList done
Event: 16.056 Loading class java/util/concurrent/ArrayBlockingQueue done
Event: 16.062 Loading class java/util/regex/PatternSyntaxException
Event: 16.062 Loading class java/util/regex/PatternSyntaxException done
Event: 17.169 Loading class java/util/stream/DistinctOps
Event: 17.170 Loading class java/util/stream/DistinctOps done
Event: 17.170 Loading class java/util/stream/DistinctOps$1
Event: 17.170 Loading class java/util/stream/DistinctOps$1 done
Event: 17.171 Loading class java/util/stream/DistinctOps$1$2
Event: 17.171 Loading class java/util/stream/DistinctOps$1$2 done
Event: 17.220 Loading class java/io/FileReader
Event: 17.220 Loading class java/io/FileReader done
Event: 17.221 Loading class java/lang/UnsupportedClassVersionError
Event: 17.221 Loading class java/lang/UnsupportedClassVersionError done

Classes unloaded (20 events):
Event: 2.226 Thread 0x0000025cf46e4930 Unloading class 0x0000025c90190000 'java/lang/invoke/LambdaForm$MH+0x0000025c90190000'
Event: 2.226 Thread 0x0000025cf46e4930 Unloading class 0x0000025c9018fc00 'java/lang/invoke/LambdaForm$MH+0x0000025c9018fc00'
Event: 2.226 Thread 0x0000025cf46e4930 Unloading class 0x0000025c9018f800 'java/lang/invoke/LambdaForm$BMH+0x0000025c9018f800'
Event: 2.226 Thread 0x0000025cf46e4930 Unloading class 0x0000025c9018f400 'java/lang/invoke/LambdaForm$DMH+0x0000025c9018f400'
Event: 2.226 Thread 0x0000025cf46e4930 Unloading class 0x0000025c9018e400 'java/lang/invoke/LambdaForm$DMH+0x0000025c9018e400'
Event: 15.801 Thread 0x0000025cf46e4930 Unloading class 0x0000025c90386400 'java/lang/invoke/LambdaForm$MH+0x0000025c90386400'
Event: 15.801 Thread 0x0000025cf46e4930 Unloading class 0x0000025c90385800 'java/lang/invoke/LambdaForm$MH+0x0000025c90385800'
Event: 15.801 Thread 0x0000025cf46e4930 Unloading class 0x0000025c90385000 'java/lang/invoke/LambdaForm$MH+0x0000025c90385000'
Event: 15.801 Thread 0x0000025cf46e4930 Unloading class 0x0000025c90384800 'java/lang/invoke/LambdaForm$MH+0x0000025c90384800'
Event: 15.801 Thread 0x0000025cf46e4930 Unloading class 0x0000025c90384400 'java/lang/invoke/LambdaForm$DMH+0x0000025c90384400'
Event: 15.801 Thread 0x0000025cf46e4930 Unloading class 0x0000025c90383800 'java/lang/invoke/LambdaForm$MH+0x0000025c90383800'
Event: 15.801 Thread 0x0000025cf46e4930 Unloading class 0x0000025c90380000 'java/lang/invoke/LambdaForm$MH+0x0000025c90380000'
Event: 15.801 Thread 0x0000025cf46e4930 Unloading class 0x0000025c9036f800 'java/lang/invoke/LambdaForm$MH+0x0000025c9036f800'
Event: 15.801 Thread 0x0000025cf46e4930 Unloading class 0x0000025c9036f000 'java/lang/invoke/LambdaForm$MH+0x0000025c9036f000'
Event: 15.801 Thread 0x0000025cf46e4930 Unloading class 0x0000025c9036e800 'java/lang/invoke/LambdaForm$MH+0x0000025c9036e800'
Event: 15.801 Thread 0x0000025cf46e4930 Unloading class 0x0000025c9036e000 'java/lang/invoke/LambdaForm$MH+0x0000025c9036e000'
Event: 15.801 Thread 0x0000025cf46e4930 Unloading class 0x0000025c9036d800 'java/lang/invoke/LambdaForm$MH+0x0000025c9036d800'
Event: 15.801 Thread 0x0000025cf46e4930 Unloading class 0x0000025c9036d400 'java/lang/invoke/LambdaForm$MH+0x0000025c9036d400'
Event: 15.801 Thread 0x0000025cf46e4930 Unloading class 0x0000025c9036c800 'java/lang/invoke/LambdaForm$MH+0x0000025c9036c800'
Event: 15.801 Thread 0x0000025cf46e4930 Unloading class 0x0000025c9036c400 'java/lang/invoke/LambdaForm$DMH+0x0000025c9036c400'

Classes redefined (0 events):
No events

Internal exceptions (20 events):
Event: 3.477 Thread 0x0000025cd495fc50 Implicit null exception at 0x0000025c87c81676 to 0x0000025c87c819ac
Event: 3.478 Thread 0x0000025cd495fc50 Exception <a 'java/lang/NoSuchMethodError'{0x00000000d5a75180}: 'int java.lang.invoke.Invokers$Holder.linkToTargetMethod(java.lang.Object, java.lang.Object, java.lang.Object)'> (0x00000000d5a75180) 
thrown [s\src\hotspot\share\interpreter\linkResolver.cpp, line 773]
Event: 15.617 Thread 0x0000025cd495d4f0 Exception <a 'java/io/FileNotFoundException'{0x00000000d6586df8}> (0x00000000d6586df8) 
thrown [s\src\hotspot\share\prims\jni.cpp, line 520]
Event: 15.617 Thread 0x0000025cd495d4f0 Exception <a 'java/io/FileNotFoundException'{0x00000000d6588170}> (0x00000000d6588170) 
thrown [s\src\hotspot\share\prims\jni.cpp, line 520]
Event: 15.617 Thread 0x0000025cd495d4f0 Exception <a 'java/io/FileNotFoundException'{0x00000000d6589260}> (0x00000000d6589260) 
thrown [s\src\hotspot\share\prims\jni.cpp, line 520]
Event: 15.755 Thread 0x0000025cfedf0ab0 Exception <a 'java/io/FileNotFoundException'{0x00000000d5ca30a8}> (0x00000000d5ca30a8) 
thrown [s\src\hotspot\share\prims\jni.cpp, line 520]
Event: 15.756 Thread 0x0000025cfedf0ab0 Exception <a 'java/io/FileNotFoundException'{0x00000000d5ca4188}> (0x00000000d5ca4188) 
thrown [s\src\hotspot\share\prims\jni.cpp, line 520]
Event: 15.756 Thread 0x0000025cfedf0ab0 Exception <a 'java/io/FileNotFoundException'{0x00000000d5ced1a8}> (0x00000000d5ced1a8) 
thrown [s\src\hotspot\share\prims\jni.cpp, line 520]
Event: 15.756 Thread 0x0000025cfedf0ab0 Exception <a 'java/io/FileNotFoundException'{0x00000000d5cee530}> (0x00000000d5cee530) 
thrown [s\src\hotspot\share\prims\jni.cpp, line 520]
Event: 15.756 Thread 0x0000025cfedf0ab0 Exception <a 'java/io/FileNotFoundException'{0x00000000d5cef628}> (0x00000000d5cef628) 
thrown [s\src\hotspot\share\prims\jni.cpp, line 520]
Event: 16.040 Thread 0x0000025cfedf0ab0 Implicit null exception at 0x0000025c87c3d586 to 0x0000025c87c3d67c
Event: 16.496 Thread 0x0000025cd495c7d0 Exception <a 'java/lang/NoSuchMethodError'{0x00000000d5b8ba60}: 'java.lang.Object java.lang.invoke.DirectMethodHandle$Holder.invokeSpecial(java.lang.Object, java.lang.Object, int, long)'> (0x00000000d5b8ba60) 
thrown [s\src\hotspot\share\interpreter\linkResolver.cpp, line 773]
Event: 16.499 Thread 0x0000025cd495fc50 Exception <a 'java/lang/NoSuchMethodError'{0x00000000d5ba67a0}: 'java.lang.Object java.lang.invoke.DirectMethodHandle$Holder.invokeSpecial(java.lang.Object, java.lang.Object, java.lang.Object, java.lang.Object, int, java.lang.Object, java.lang.Object)'> (0x00000000d5ba67a0) 
thrown [s\src\hotspot\share\interpreter\linkResolver.cpp, line 773]
Event: 17.163 Thread 0x0000025cfedf0ab0 Implicit null exception at 0x0000025c87b2facf to 0x0000025c87b2fccc
Event: 17.176 Thread 0x0000025cd495d4f0 Exception <a 'java/lang/IncompatibleClassChangeError'{0x00000000d628a650}: Found class java.lang.Object, but interface was expected> (0x00000000d628a650) 
thrown [s\src\hotspot\share\interpreter\linkResolver.cpp, line 840]
Event: 17.186 Thread 0x0000025cd495d4f0 Exception <a 'java/lang/IncompatibleClassChangeError'{0x00000000d6299ef8}: Found class java.lang.Object, but interface was expected> (0x00000000d6299ef8) 
thrown [s\src\hotspot\share\interpreter\linkResolver.cpp, line 840]
Event: 17.188 Thread 0x0000025cd495fc50 Exception <a 'java/lang/ArrayIndexOutOfBoundsException'{0x00000000d646ef00}: Index 73 out of bounds for length 72> (0x00000000d646ef00) 
thrown [s\src\hotspot\share\interpreter\interpreterRuntime.cpp, line 439]
Event: 17.252 Thread 0x0000025cd495a070 Exception <a 'java/lang/NoSuchMethodError'{0x00000000d691c360}: 'int java.lang.invoke.Invokers$Holder.invokeExact_MT(java.lang.Object, java.lang.Object)'> (0x00000000d691c360) 
thrown [s\src\hotspot\share\interpreter\linkResolver.cpp, line 773]
Event: 17.302 Thread 0x0000025cd495a070 Exception <a 'java/lang/NoSuchMethodError'{0x00000000d565a650}: 'int java.lang.invoke.DirectMethodHandle$Holder.invokeInterface(java.lang.Object, java.lang.Object)'> (0x00000000d565a650) 
thrown [s\src\hotspot\share\interpreter\linkResolver.cpp, line 773]
Event: 17.303 Thread 0x0000025cd495a070 Exception <a 'java/lang/IncompatibleClassChangeError'{0x00000000d565d910}: Found class java.lang.Object, but interface was expected> (0x00000000d565d910) 
thrown [s\src\hotspot\share\interpreter\linkResolver.cpp, line 840]

ZGC Phase Switch (0 events):
No events

VM Operations (20 events):
Event: 15.679 Executing VM operation: ParallelGCFailedAllocation (Allocation Failure)
Event: 15.681 Executing VM operation: ParallelGCFailedAllocation (Allocation Failure) done
Event: 15.734 Executing VM operation: HandshakeAllThreads (Deoptimize)
Event: 15.734 Executing VM operation: HandshakeAllThreads (Deoptimize) done
Event: 15.792 Executing VM operation: CollectForMetadataAllocation (Metadata GC Threshold)
Event: 15.836 Executing VM operation: CollectForMetadataAllocation (Metadata GC Threshold) done
Event: 16.039 Executing VM operation: ParallelGCFailedAllocation (Allocation Failure)
Event: 16.040 Executing VM operation: ParallelGCFailedAllocation (Allocation Failure) done
Event: 16.053 Executing VM operation: HandshakeAllThreads (Deoptimize)
Event: 16.053 Executing VM operation: HandshakeAllThreads (Deoptimize) done
Event: 16.054 Executing VM operation: HandshakeAllThreads (Deoptimize)
Event: 16.054 Executing VM operation: HandshakeAllThreads (Deoptimize) done
Event: 17.066 Executing VM operation: Cleanup
Event: 17.066 Executing VM operation: Cleanup done
Event: 17.149 Executing VM operation: HandshakeAllThreads (Deoptimize)
Event: 17.149 Executing VM operation: HandshakeAllThreads (Deoptimize) done
Event: 17.171 Executing VM operation: HandshakeAllThreads (Deoptimize)
Event: 17.171 Executing VM operation: HandshakeAllThreads (Deoptimize) done
Event: 17.291 Executing VM operation: ParallelGCFailedAllocation (Allocation Failure)
Event: 17.293 Executing VM operation: ParallelGCFailedAllocation (Allocation Failure) done

Memory protections (0 events):
No events

Nmethod flushes (20 events):
Event: 15.810 Thread 0x0000025cf46e4930 flushing  nmethod 0x0000025c8031f590
Event: 15.810 Thread 0x0000025cf46e4930 flushing  nmethod 0x0000025c8033f910
Event: 15.810 Thread 0x0000025cf46e4930 flushing  nmethod 0x0000025c8033fc10
Event: 15.810 Thread 0x0000025cf46e4930 flushing  nmethod 0x0000025c80354990
Event: 15.810 Thread 0x0000025cf46e4930 flushing  nmethod 0x0000025c803c9010
Event: 15.810 Thread 0x0000025cf46e4930 flushing  nmethod 0x0000025c80410c10
Event: 15.810 Thread 0x0000025cf46e4930 flushing  nmethod 0x0000025c80411090
Event: 15.810 Thread 0x0000025cf46e4930 flushing  nmethod 0x0000025c80414f10
Event: 15.810 Thread 0x0000025cf46e4930 flushing  nmethod 0x0000025c80438090
Event: 15.810 Thread 0x0000025cf46e4930 flushing  nmethod 0x0000025c80438a90
Event: 15.810 Thread 0x0000025cf46e4930 flushing  nmethod 0x0000025c8043d710
Event: 15.810 Thread 0x0000025cf46e4930 flushing  nmethod 0x0000025c80452690
Event: 15.810 Thread 0x0000025cf46e4930 flushing  nmethod 0x0000025c80483590
Event: 15.810 Thread 0x0000025cf46e4930 flushing  nmethod 0x0000025c804ac390
Event: 15.810 Thread 0x0000025cf46e4930 flushing  nmethod 0x0000025c804ad110
Event: 15.810 Thread 0x0000025cf46e4930 flushing  nmethod 0x0000025c804b5690
Event: 15.810 Thread 0x0000025cf46e4930 flushing  nmethod 0x0000025c804c3d90
Event: 15.810 Thread 0x0000025cf46e4930 flushing  nmethod 0x0000025c804c4290
Event: 15.810 Thread 0x0000025cf46e4930 flushing  nmethod 0x0000025c804c6310
Event: 15.810 Thread 0x0000025cf46e4930 flushing  nmethod 0x0000025c804c9810

Events (20 events):
Event: 2.851 Thread 0x0000025cf22b7f60 Thread added: 0x0000025cffbf4450
Event: 2.851 Thread 0x0000025cf22b7f60 Thread added: 0x0000025cffbf5170
Event: 2.852 Thread 0x0000025cf22b7f60 Thread added: 0x0000025cd495c140
Event: 2.852 Thread 0x0000025cf22b7f60 Thread added: 0x0000025cd495a700
Event: 2.852 Thread 0x0000025cf22b7f60 Thread added: 0x0000025cd495bab0
Event: 2.852 Thread 0x0000025cf22b7f60 Thread added: 0x0000025cd495db80
Event: 2.876 Thread 0x0000025cf22b7f60 Thread added: 0x0000025cd495f5c0
Event: 3.034 Thread 0x0000025cf22b7f60 Thread added: 0x0000025cd495b420
Event: 3.034 Thread 0x0000025cf22b7f60 Thread added: 0x0000025cd495d4f0
Event: 3.058 Thread 0x0000025cfedf0450 Thread added: 0x0000025cd495c7d0
Event: 3.220 Thread 0x0000025cd495d4f0 Thread added: 0x0000025cd495a070
Event: 3.221 Thread 0x0000025cd495d4f0 Thread added: 0x0000025cd495fc50
Event: 4.060 Thread 0x0000025cfdefbea0 Thread exited: 0x0000025cfdefbea0
Event: 4.060 Thread 0x0000025cfdefc570 Thread exited: 0x0000025cfdefc570
Event: 15.583 Thread 0x0000025cfdefa360 Thread added: 0x0000025cfdefaa30
Event: 15.868 Thread 0x0000025cfedf0ab0 Thread added: 0x0000025cd495e8a0
Event: 16.057 Thread 0x0000025cfedf0ab0 Thread added: 0x0000025cd495ce60
Event: 16.471 Thread 0x0000025cfdefaa30 Thread exited: 0x0000025cfdefaa30
Event: 17.309 Thread 0x0000025cfdefa360 Thread added: 0x0000025cfdefb100
Event: 17.352 Thread 0x0000025cfdefb100 Thread added: 0x0000025cfdefb7d0


Dynamic libraries:
0x00007ff66f100000 - 0x00007ff66f10e000 	c:\Users\Aluno SENAI.C308-LAB3-001\.vscode\extensions\redhat.java-1.46.0-win32-x64\jre\21.0.8-win32-x86_64\bin\java.exe
0x00007ff93bed0000 - 0x00007ff93c0c8000 	C:\Windows\SYSTEM32\ntdll.dll
0x00007ff93b860000 - 0x00007ff93b922000 	C:\Windows\System32\KERNEL32.DLL
0x00007ff9396d0000 - 0x00007ff9399c6000 	C:\Windows\System32\KERNELBASE.dll
0x00007ff939c80000 - 0x00007ff939d80000 	C:\Windows\System32\ucrtbase.dll
0x00007ff923db0000 - 0x00007ff923dce000 	c:\Users\Aluno SENAI.C308-LAB3-001\.vscode\extensions\redhat.java-1.46.0-win32-x64\jre\21.0.8-win32-x86_64\bin\VCRUNTIME140.dll
0x00007ff922f70000 - 0x00007ff922f88000 	c:\Users\Aluno SENAI.C308-LAB3-001\.vscode\extensions\redhat.java-1.46.0-win32-x64\jre\21.0.8-win32-x86_64\bin\jli.dll
0x00007ff93af40000 - 0x00007ff93b0dd000 	C:\Windows\System32\USER32.dll
0x00007ff939b00000 - 0x00007ff939b22000 	C:\Windows\System32\win32u.dll
0x00007ff922200000 - 0x00007ff92249b000 	C:\Windows\WinSxS\amd64_microsoft.windows.common-controls_6595b64144ccf1df_6.0.19041.6280_none_60bc30a171f2f3f3\COMCTL32.dll
0x00007ff93a4c0000 - 0x00007ff93a4eb000 	C:\Windows\System32\GDI32.dll
0x00007ff93a4f0000 - 0x00007ff93a58e000 	C:\Windows\System32\msvcrt.dll
0x00007ff939b30000 - 0x00007ff939c49000 	C:\Windows\System32\gdi32full.dll
0x00007ff9399d0000 - 0x00007ff939a6d000 	C:\Windows\System32\msvcp_win.dll
0x00007ff93adb0000 - 0x00007ff93addf000 	C:\Windows\System32\IMM32.DLL
0x00007ff935660000 - 0x00007ff93566c000 	c:\Users\Aluno SENAI.C308-LAB3-001\.vscode\extensions\redhat.java-1.46.0-win32-x64\jre\21.0.8-win32-x86_64\bin\vcruntime140_1.dll
0x00007ff901e90000 - 0x00007ff901f1d000 	c:\Users\Aluno SENAI.C308-LAB3-001\.vscode\extensions\redhat.java-1.46.0-win32-x64\jre\21.0.8-win32-x86_64\bin\msvcp140.dll
0x00007ff8ee0c0000 - 0x00007ff8eee57000 	c:\Users\Aluno SENAI.C308-LAB3-001\.vscode\extensions\redhat.java-1.46.0-win32-x64\jre\21.0.8-win32-x86_64\bin\server\jvm.dll
0x00007ff93ac00000 - 0x00007ff93acb1000 	C:\Windows\System32\ADVAPI32.dll
0x00007ff93a950000 - 0x00007ff93a9ef000 	C:\Windows\System32\sechost.dll
0x00007ff93aae0000 - 0x00007ff93ac00000 	C:\Windows\System32\RPCRT4.dll
0x00007ff939c50000 - 0x00007ff939c77000 	C:\Windows\System32\bcrypt.dll
0x00007ff93ad40000 - 0x00007ff93adab000 	C:\Windows\System32\WS2_32.dll
0x00007ff939320000 - 0x00007ff93936b000 	C:\Windows\SYSTEM32\POWRPROF.dll
0x00007ff92c660000 - 0x00007ff92c687000 	C:\Windows\SYSTEM32\WINMM.dll
0x00007ff933fd0000 - 0x00007ff933fda000 	C:\Windows\SYSTEM32\VERSION.dll
0x00007ff939300000 - 0x00007ff939312000 	C:\Windows\SYSTEM32\UMPDC.dll
0x00007ff9373d0000 - 0x00007ff9373e2000 	C:\Windows\SYSTEM32\kernel.appcore.dll
0x00007ff934070000 - 0x00007ff93407a000 	c:\Users\Aluno SENAI.C308-LAB3-001\.vscode\extensions\redhat.java-1.46.0-win32-x64\jre\21.0.8-win32-x86_64\bin\jimage.dll
0x00007ff929830000 - 0x00007ff929a31000 	C:\Windows\SYSTEM32\DBGHELP.DLL
0x00007ff920700000 - 0x00007ff920734000 	C:\Windows\SYSTEM32\dbgcore.DLL
0x00007ff939a70000 - 0x00007ff939af2000 	C:\Windows\System32\bcryptPrimitives.dll
0x00007ff92a1b0000 - 0x00007ff92a1bf000 	c:\Users\Aluno SENAI.C308-LAB3-001\.vscode\extensions\redhat.java-1.46.0-win32-x64\jre\21.0.8-win32-x86_64\bin\instrument.dll
0x00007ff922d40000 - 0x00007ff922d5f000 	c:\Users\Aluno SENAI.C308-LAB3-001\.vscode\extensions\redhat.java-1.46.0-win32-x64\jre\21.0.8-win32-x86_64\bin\java.dll
0x00007ff93b0e0000 - 0x00007ff93b850000 	C:\Windows\System32\SHELL32.dll
0x00007ff9375d0000 - 0x00007ff937d75000 	C:\Windows\SYSTEM32\windows.storage.dll
0x00007ff93a5f0000 - 0x00007ff93a943000 	C:\Windows\System32\combase.dll
0x00007ff938df0000 - 0x00007ff938e1b000 	C:\Windows\SYSTEM32\Wldp.dll
0x00007ff93bdb0000 - 0x00007ff93be7d000 	C:\Windows\System32\OLEAUT32.dll
0x00007ff93ade0000 - 0x00007ff93ae8d000 	C:\Windows\System32\SHCORE.dll
0x00007ff93b950000 - 0x00007ff93b9ab000 	C:\Windows\System32\shlwapi.dll
0x00007ff9394a0000 - 0x00007ff9394c4000 	C:\Windows\SYSTEM32\profapi.dll
0x00007ff922c20000 - 0x00007ff922c38000 	c:\Users\Aluno SENAI.C308-LAB3-001\.vscode\extensions\redhat.java-1.46.0-win32-x64\jre\21.0.8-win32-x86_64\bin\zip.dll
0x00007ff9295c0000 - 0x00007ff9295d0000 	C:\Users\Aluno SENAI.C308-LAB3-001\.vscode\extensions\redhat.java-1.46.0-win32-x64\jre\21.0.8-win32-x86_64\bin\net.dll
0x00007ff931f00000 - 0x00007ff93200a000 	C:\Windows\SYSTEM32\WINHTTP.dll
0x00007ff938bd0000 - 0x00007ff938c3a000 	C:\Windows\system32\mswsock.dll
0x00007ff910510000 - 0x00007ff910526000 	C:\Users\Aluno SENAI.C308-LAB3-001\.vscode\extensions\redhat.java-1.46.0-win32-x64\jre\21.0.8-win32-x86_64\bin\nio.dll
0x00007ff929420000 - 0x00007ff929430000 	c:\Users\Aluno SENAI.C308-LAB3-001\.vscode\extensions\redhat.java-1.46.0-win32-x64\jre\21.0.8-win32-x86_64\bin\verify.dll
0x00007ff906cc0000 - 0x00007ff906d04000 	C:\Users\Aluno SENAI.C308-LAB3-001\AppData\Roaming\Code\User\globalStorage\redhat.java\1.46.0\config_ss_win\org.eclipse.equinox.launcher\org.eclipse.equinox.launcher.win32.win32.x86_64_1.2.1400.v20250801-0854\eclipse_11916.dll
0x00007ff93bad0000 - 0x00007ff93bbfb000 	C:\Windows\System32\ole32.dll
0x00007ff938e30000 - 0x00007ff938e48000 	C:\Windows\SYSTEM32\CRYPTSP.dll
0x00007ff938510000 - 0x00007ff938548000 	C:\Windows\system32\rsaenh.dll
0x00007ff939460000 - 0x00007ff93948e000 	C:\Windows\SYSTEM32\USERENV.dll
0x00007ff938d60000 - 0x00007ff938d6c000 	C:\Windows\SYSTEM32\CRYPTBASE.dll
0x00007ff9388d0000 - 0x00007ff93890b000 	C:\Windows\SYSTEM32\IPHLPAPI.DLL
0x00007ff93be80000 - 0x00007ff93be88000 	C:\Windows\System32\NSI.dll
0x00007ff902ed0000 - 0x00007ff902f19000 	C:\Users\Aluno SENAI.C308-LAB3-001\AppData\Local\Temp\jna-1849036239\jna12237476929401240330.dll
0x00007ff939f00000 - 0x00007ff939f08000 	C:\Windows\System32\PSAPI.DLL
0x00007ff933ae0000 - 0x00007ff933af7000 	C:\Windows\SYSTEM32\dhcpcsvc6.DLL
0x00007ff933ab0000 - 0x00007ff933acd000 	C:\Windows\SYSTEM32\dhcpcsvc.DLL

JVMTI agents:
c:\Users\Aluno SENAI.C308-LAB3-001\.vscode\extensions\redhat.java-1.46.0-win32-x64\lombok\lombok-1.18.39-4050.jar path:c:\Users\Aluno SENAI.C308-LAB3-001\.vscode\extensions\redhat.java-1.46.0-win32-x64\jre\21.0.8-win32-x86_64\bin\instrument.dll, loaded, initialized, instrumentlib options:none

dbghelp: loaded successfully - version: 4.0.5 - missing functions: none
symbol engine: initialized successfully - sym options: 0x614 - pdb path: .;c:\Users\Aluno SENAI.C308-LAB3-001\.vscode\extensions\redhat.java-1.46.0-win32-x64\jre\21.0.8-win32-x86_64\bin;C:\Windows\SYSTEM32;C:\Windows\WinSxS\amd64_microsoft.windows.common-controls_6595b64144ccf1df_6.0.19041.6280_none_60bc30a171f2f3f3;c:\Users\Aluno SENAI.C308-LAB3-001\.vscode\extensions\redhat.java-1.46.0-win32-x64\jre\21.0.8-win32-x86_64\bin\server;C:\Users\Aluno SENAI.C308-LAB3-001\AppData\Roaming\Code\User\globalStorage\redhat.java\1.46.0\config_ss_win\org.eclipse.equinox.launcher\org.eclipse.equinox.launcher.win32.win32.x86_64_1.2.1400.v20250801-0854;C:\Users\Aluno SENAI.C308-LAB3-001\AppData\Local\Temp\jna-1849036239

VM Arguments:
jvm_args: --add-modules=ALL-SYSTEM --add-opens=java.base/java.util=ALL-UNNAMED --add-opens=java.base/java.lang=ALL-UNNAMED --add-opens=java.base/sun.nio.fs=ALL-UNNAMED -Declipse.application=org.eclipse.jdt.ls.core.id1 -Dosgi.bundles.defaultStartLevel=4 -Declipse.product=org.eclipse.jdt.ls.core.product -Djava.import.generatesMetadataFilesAtProjectRoot=false -DDetectVMInstallationsJob.disabled=true -Dfile.encoding=utf8 -XX:+UseParallelGC -XX:GCTimeRatio=4 -XX:AdaptiveSizePolicyWeight=90 -Dsun.zip.disableMemoryMapping=true -Xmx2G -Xms100m -Xlog:disable -javaagent:c:\Users\Aluno SENAI.C308-LAB3-001\.vscode\extensions\redhat.java-1.46.0-win32-x64\lombok\lombok-1.18.39-4050.jar 
java_command: c:\Users\Aluno SENAI.C308-LAB3-001\.vscode\extensions\redhat.java-1.46.0-win32-x64\server\plugins\org.eclipse.equinox.launcher_1.7.0.v20250519-0528.jar -configuration c:\Users\Aluno SENAI.C308-LAB3-001\AppData\Roaming\Code\User\globalStorage\redhat.java\1.46.0\config_ss_win -data c:\Users\Aluno SENAI.C308-LAB3-001\AppData\Roaming\Code\User\workspaceStorage\24097eb5515a1f894a3d3addbae6f95b\redhat.java\ss_ws --pipe=\\.\pipe\lsp-bb4f9c84eaa4bdf6e99bf49b9171f19a-sock
java_class_path (initial): c:\Users\Aluno SENAI.C308-LAB3-001\.vscode\extensions\redhat.java-1.46.0-win32-x64\server\plugins\org.eclipse.equinox.launcher_1.7.0.v20250519-0528.jar
Launcher Type: SUN_STANDARD

[Global flags]
    uintx AdaptiveSizePolicyWeight                 = 90                                        {product} {command line}
     intx CICompilerCount                          = 4                                         {product} {ergonomic}
    uintx GCTimeRatio                              = 4                                         {product} {command line}
   size_t InitialHeapSize                          = 104857600                                 {product} {command line}
   size_t MaxHeapSize                              = 2147483648                                {product} {command line}
   size_t MaxNewSize                               = 715653120                                 {product} {ergonomic}
   size_t MinHeapDeltaBytes                        = 524288                                    {product} {ergonomic}
   size_t MinHeapSize                              = 104857600                                 {product} {command line}
   size_t NewSize                                  = 34603008                                  {product} {ergonomic}
    uintx NonNMethodCodeHeapSize                   = 5839372                                {pd product} {ergonomic}
    uintx NonProfiledCodeHeapSize                  = 122909434                              {pd product} {ergonomic}
   size_t OldSize                                  = 70254592                                  {product} {ergonomic}
    uintx ProfiledCodeHeapSize                     = 122909434                              {pd product} {ergonomic}
    uintx ReservedCodeCacheSize                    = 251658240                              {pd product} {ergonomic}
     bool SegmentedCodeCache                       = true                                      {product} {ergonomic}
   size_t SoftMaxHeapSize                          = 2147483648                             {manageable} {ergonomic}
     bool UseCompressedOops                        = true                           {product lp64_product} {ergonomic}
     bool UseLargePagesIndividualAllocation        = false                                  {pd product} {ergonomic}
     bool UseParallelGC                            = true                                      {product} {command line}

Logging:
Log output configuration:
 #0: stdout all=off uptime,level,tags foldmultilines=false
 #1: stderr all=off uptime,level,tags foldmultilines=false

Environment Variables:
PATH=C:\Program Files (x86)\NVIDIA Corporation\PhysX\Common;C:\Program Files\Common Files\Oracle\Java\javapath;C:\Python313\Scripts\;C:\Python313\;C:\Program Files\Python312\Scripts\;C:\Program Files\Python312\;C:\Windows\system32;C:\Windows;C:\Windows\System32\Wbem;C:\Windows\System32\WindowsPowerShell\v1.0\;C:\Windows\System32\OpenSSH\;C:\ProgramData\UNIVALI\Portugol Studio;C:\Program Files\dotnet\;C:\Program Files (x86)\dotnet\;C:\Program Files (x86)\Windows Kits\8.1\Windows Performance Toolkit\;C:\MinGW\bin;C:\Program Files\Microsoft SQL Server\Client SDK\ODBC\170\Tools\Binn\;C:\Program Files (x86)\Microsoft SQL Server\150\Tools\Binn\;C:\Program Files\Microsoft SQL Server\150\Tools\Binn\;C:\Program Files\Microsoft SQL Server\150\DTS\Binn\;C:\Program Files\nodejs\;C:\ProgramData\chocolatey\bin;C:\sqlite3;C:\Program Files\Docker\Docker\resources\bin;C:\Program Files (x86)\Microsoft SQL Server\160\Tools\Binn\;C:\Program Files\Microsoft SQL Server\160\Tools\Binn\;C:\Program Files\Microsoft SQL Server\160\DTS\Binn\;C:\Program Files\Git\cmd;C:\Program Files (x86)\Microsoft SQL Server\160\DTS\Binn\;C:\app_programas\android_sdk\platform-tools\;C:\app_programas\flutter\bin\;C:\Users\Aluno SENAI.C308-LAB3-001\AppData\Local\Microsoft\WindowsApps;C:\Users\Aluno SENAI.C308-LAB3-001\AppData\Local\GitHubDesktop\bin;C:\Users\Aluno SENAI.C308-LAB3-001\.dotnet\tools;C:\Microsoft VS Code\bin
USERNAME=Aluno SENAI
OS=Windows_NT
PROCESSOR_IDENTIFIER=AMD64 Family 25 Model 80 Stepping 0, AuthenticAMD
TMP=C:\Users\ALUNOS~1.C30\AppData\Local\Temp
TEMP=C:\Users\ALUNOS~1.C30\AppData\Local\Temp




Periodic native trim disabled

---------------  S Y S T E M  ---------------

OS:
 Windows 10 , 64 bit Build 19041 (10.0.19041.5915)
OS uptime: 0 days 7:00 hours
Hyper-V role detected

CPU: total 12 (initial active 12) (12 cores per cpu, 2 threads per core) family 25 model 80 stepping 0 microcode 0x0, cx8, cmov, fxsr, ht, mmx, 3dnowpref, sse, sse2, sse3, ssse3, sse4a, sse4.1, sse4.2, popcnt, lzcnt, tsc, tscinvbit, avx, avx2, aes, erms, clmul, bmi1, bmi2, adx, sha, fma, vzeroupper, clflush, clflushopt, hv, rdtscp, rdpid, fsrm, f16c, cet_ss
Processor Information for the first 12 processors :
  Max Mhz: 3901, Current Mhz: 3901, Mhz Limit: 3901

Memory: 4k page, system-wide physical 7553M (982M free)
TotalPageFile size 11649M (AvailPageFile size 5M)
current process WorkingSet (physical memory assigned to process): 190M, peak: 194M
current process commit charge ("private bytes"): 308M, peak: 322M

vm_info: OpenJDK 64-Bit Server VM (21.0.8+9-LTS) for windows-amd64 JRE (21.0.8+9-LTS), built on 2025-07-15T00:00:00Z by "admin" with MS VC++ 17.7 (VS2022)

END.
