#
# There is insufficient memory for the Java Runtime Environment to continue.
# Native memory allocation (malloc) failed to allocate 308496 bytes. Error detail: Chunk::new
# Possible reasons:
#   The system is out of physical RAM or swap space
#   This process is running with CompressedOops enabled, and the Java Heap may be blocking the growth of the native heap
# Possible solutions:
#   Reduce memory load on the system
#   Increase physical memory or swap space
#   Check if swap backing store is full
#   Decrease Java heap size (-Xmx/-Xms)
#   Decrease number of Java threads
#   Decrease Java thread stack sizes (-Xss)
#   Set larger code cache with -XX:ReservedCodeCacheSize=
#   JVM is running with Unscaled Compressed Oops mode in which the Java heap is
#     placed in the first 4GB address space. The Java Heap base address is the
#     maximum limit for the native heap growth. Please use -XX:HeapBaseMinAddress
#     to set the Java Heap base and to place the Java Heap above 4GB virtual address.
# This output file may be truncated or incomplete.
#
#  Out of Memory Error (arena.cpp:168), pid=14248, tid=316
#
# JRE version: OpenJDK Runtime Environment Temurin-21.0.8+9 (21.0.8+9) (build 21.0.8+9-LTS)
# Java VM: OpenJDK 64-Bit Server VM Temurin-21.0.8+9 (21.0.8+9-LTS, mixed mode, sharing, tiered, compressed oops, compressed class ptrs, parallel gc, windows-amd64)
# No core dump will be written. Minidumps are not enabled by default on client versions of Windows
#

---------------  S U M M A R Y ------------

Command Line: --add-modules=ALL-SYSTEM --add-opens=java.base/java.util=ALL-UNNAMED --add-opens=java.base/java.lang=ALL-UNNAMED --add-opens=java.base/sun.nio.fs=ALL-UNNAMED -Declipse.application=org.eclipse.jdt.ls.core.id1 -Dosgi.bundles.defaultStartLevel=4 -Declipse.product=org.eclipse.jdt.ls.core.product -Djava.import.generatesMetadataFilesAtProjectRoot=false -DDetectVMInstallationsJob.disabled=true -Dfile.encoding=utf8 -XX:+UseParallelGC -XX:GCTimeRatio=4 -XX:AdaptiveSizePolicyWeight=90 -Dsun.zip.disableMemoryMapping=true -Xmx2G -Xms100m -Xlog:disable -javaagent:c:\Users\Aluno SENAI.C308-LAB3-001\.vscode\extensions\redhat.java-1.46.0-win32-x64\lombok\lombok-1.18.39-4050.jar c:\Users\Aluno SENAI.C308-LAB3-001\.vscode\extensions\redhat.java-1.46.0-win32-x64\server\plugins\org.eclipse.equinox.launcher_1.7.0.v20250519-0528.jar -configuration c:\Users\Aluno SENAI.C308-LAB3-001\AppData\Roaming\Code\User\globalStorage\redhat.java\1.46.0\config_ss_win -data c:\Users\Aluno SENAI.C308-LAB3-001\AppData\Roaming\Code\User\workspaceStorage\24097eb5515a1f894a3d3addbae6f95b\redhat.java\ss_ws --pipe=\\.\pipe\lsp-a9680adefa678afb700cca222c590cb7-sock

Host: AMD Ryzen 5 PRO 5650G with Radeon Graphics     , 12 cores, 7G,  Windows 10 , 64 bit Build 19041 (10.0.19041.5915)
Time: Tue Oct 21 14:44:04 2025 Hora Padrão da Bahia elapsed time: 0.281383 seconds (0d 0h 0m 0s)

---------------  T H R E A D  ---------------

Current thread (0x000001c476f5e0c0):  JavaThread "C2 CompilerThread0" daemon [_thread_in_native, id=316, stack(0x000000b2cfd00000,0x000000b2cfe00000) (1024K)]


Current CompileTask:
C2:281  645       4       lombok.patcher.PatchScript::classMatches (41 bytes)

Stack: [0x000000b2cfd00000,0x000000b2cfe00000]
Native frames: (J=compiled Java code, j=interpreted, Vv=VM code, C=native code)
V  [jvm.dll+0x6d2449]
V  [jvm.dll+0x8ae341]
V  [jvm.dll+0x8b08be]
V  [jvm.dll+0x8b0fa3]
V  [jvm.dll+0x280c96]
V  [jvm.dll+0xc581d]
V  [jvm.dll+0xc5d53]
V  [jvm.dll+0x2f539d]
V  [jvm.dll+0x5fa00a]
V  [jvm.dll+0x252092]
V  [jvm.dll+0x25244f]
V  [jvm.dll+0x24ad14]
V  [jvm.dll+0x2483a4]
V  [jvm.dll+0x1c89ee]
V  [jvm.dll+0x257d4d]
V  [jvm.dll+0x2562ea]
V  [jvm.dll+0x3f2d16]
V  [jvm.dll+0x857e6b]
V  [jvm.dll+0x6d0b0d]
C  [ucrtbase.dll+0x21bb2]
C  [KERNEL32.DLL+0x17374]
C  [ntdll.dll+0x4cc91]


---------------  P R O C E S S  ---------------

Threads class SMR info:
_java_thread_list=0x000001c450c1ff60, length=13, elements={
0x000001c474c79460, 0x000001c476f4f6b0, 0x000001c476f52b70, 0x000001c476f54380,
0x000001c476f55090, 0x000001c476f58400, 0x000001c476f595f0, 0x000001c476f5e0c0,
0x000001c4508b70b0, 0x000001c45098dcd0, 0x000001c4509adf80, 0x000001c450c1c9a0,
0x000001c4550c6bc0
}

Java Threads: ( => current thread )
  0x000001c474c79460 JavaThread "main"                              [_thread_in_vm, id=10564, stack(0x000000b2cf300000,0x000000b2cf400000) (1024K)]
  0x000001c476f4f6b0 JavaThread "Reference Handler"          daemon [_thread_blocked, id=11652, stack(0x000000b2cf700000,0x000000b2cf800000) (1024K)]
  0x000001c476f52b70 JavaThread "Finalizer"                  daemon [_thread_blocked, id=2960, stack(0x000000b2cf800000,0x000000b2cf900000) (1024K)]
  0x000001c476f54380 JavaThread "Signal Dispatcher"          daemon [_thread_blocked, id=15760, stack(0x000000b2cf900000,0x000000b2cfa00000) (1024K)]
  0x000001c476f55090 JavaThread "Attach Listener"            daemon [_thread_blocked, id=13856, stack(0x000000b2cfa00000,0x000000b2cfb00000) (1024K)]
  0x000001c476f58400 JavaThread "Service Thread"             daemon [_thread_blocked, id=1808, stack(0x000000b2cfb00000,0x000000b2cfc00000) (1024K)]
  0x000001c476f595f0 JavaThread "Monitor Deflation Thread"   daemon [_thread_blocked, id=10772, stack(0x000000b2cfc00000,0x000000b2cfd00000) (1024K)]
=>0x000001c476f5e0c0 JavaThread "C2 CompilerThread0"         daemon [_thread_in_native, id=316, stack(0x000000b2cfd00000,0x000000b2cfe00000) (1024K)]
  0x000001c4508b70b0 JavaThread "C1 CompilerThread0"         daemon [_thread_in_native, id=6964, stack(0x000000b2cfe00000,0x000000b2cff00000) (1024K)]
  0x000001c45098dcd0 JavaThread "Common-Cleaner"             daemon [_thread_blocked, id=2520, stack(0x000000b2cff00000,0x000000b2d0000000) (1024K)]
  0x000001c4509adf80 JavaThread "C2 CompilerThread1"         daemon [_thread_in_native, id=10940, stack(0x000000b2d0000000,0x000000b2d0100000) (1024K)]
  0x000001c450c1c9a0 JavaThread "Notification Thread"        daemon [_thread_blocked, id=13348, stack(0x000000b2d0100000,0x000000b2d0200000) (1024K)]
  0x000001c4550c6bc0 JavaThread "C2 CompilerThread2"         daemon [_thread_in_native, id=16772, stack(0x000000b2d0200000,0x000000b2d0300000) (1024K)]
Total: 13

Other Threads:
  0x000001c477068b50 VMThread "VM Thread"                           [id=4996, stack(0x000000b2cf600000,0x000000b2cf700000) (1024K)]
  0x000001c476e3bb40 WatcherThread "VM Periodic Task Thread"        [id=7116, stack(0x000000b2cf500000,0x000000b2cf600000) (1024K)]
  0x000001c476fc4050 WorkerThread "GC Thread#0"                     [id=8452, stack(0x000000b2cf400000,0x000000b2cf500000) (1024K)]
Total: 3

Threads with active compile tasks:
C2 CompilerThread0  290  645       4       lombok.patcher.PatchScript::classMatches (41 bytes)
C1 CompilerThread0  290  678       3       sun.invoke.util.VerifyType::isNullConversion (157 bytes)
C2 CompilerThread1  290  668       4       lombok.patcher.scripts.MethodLevelPatchScript::patch (21 bytes)
C2 CompilerThread2  290  677       4       java.util.concurrent.ConcurrentHashMap::get (162 bytes)
Total: 4

VM state: not at safepoint (normal execution)

VM Mutex/Monitor currently owned by a thread:  ([mutex/lock_event])
[0x00007ff8eed73458] Metaspace_lock - owner thread: 0x000001c474c79460

Heap address: 0x0000000080000000, size: 2048 MB, Compressed Oops mode: 32-bit

CDS archive(s) mapped at: [0x000001c40f000000-0x000001c40fba0000-0x000001c40fba0000), size 12189696, SharedBaseAddress: 0x000001c40f000000, ArchiveRelocationMode: 1.
Compressed class space mapped at: 0x000001c410000000-0x000001c450000000, reserved size: 1073741824
Narrow klass base: 0x000001c40f000000, Narrow klass shift: 0, Narrow klass range: 0x100000000

GC Precious Log:
 CardTable entry size: 512
 CPUs: 12 total, 12 available
 Memory: 7553M
 Large Page Support: Disabled
 NUMA Support: Disabled
 Compressed Oops: Enabled (32-bit)
 Alignments: Space 512K, Generation 512K, Heap 2M
 Heap Min Capacity: 100M
 Heap Initial Capacity: 100M
 Heap Max Capacity: 2G
 Pre-touch: Disabled
 Parallel Workers: 10

Heap:
 PSYoungGen      total 29696K, used 14209K [0x00000000d5580000, 0x00000000d7680000, 0x0000000100000000)
  eden space 25600K, 55% used [0x00000000d5580000,0x00000000d63606d0,0x00000000d6e80000)
  from space 4096K, 0% used [0x00000000d7280000,0x00000000d7280000,0x00000000d7680000)
  to   space 4096K, 0% used [0x00000000d6e80000,0x00000000d6e80000,0x00000000d7280000)
 ParOldGen       total 68608K, used 0K [0x0000000080000000, 0x0000000084300000, 0x00000000d5580000)
  object space 68608K, 0% used [0x0000000080000000,0x0000000080000000,0x0000000084300000)
 Metaspace       used 2631K, committed 2816K, reserved 1114112K
  class space    used 273K, committed 384K, reserved 1048576K

Card table byte_map: [0x000001c476950000,0x000001c476d60000] _byte_map_base: 0x000001c476550000

Marking Bits: (ParMarkBitMap*) 0x00007ff8eed7a340
 Begin Bits: [0x000001c47a450000, 0x000001c47c450000)
 End Bits:   [0x000001c47c450000, 0x000001c47e450000)

Polling page: 0x000001c474de0000

Metaspace:

Usage:
  Non-class:      2.30 MB used.
      Class:    273.26 KB used.
       Both:      2.57 MB used.

Virtual space:
  Non-class space:       64.00 MB reserved,       2.38 MB (  4%) committed,  1 nodes.
      Class space:        1.00 GB reserved,     384.00 KB ( <1%) committed,  1 nodes.
             Both:        1.06 GB reserved,       2.75 MB ( <1%) committed. 

Chunk freelists:
   Non-Class:  11.65 MB
       Class:  15.67 MB
        Both:  27.32 MB

MaxMetaspaceSize: unlimited
CompressedClassSpaceSize: 1.00 GB
Initial GC threshold: 21.00 MB
Current GC threshold: 21.00 MB
CDS: on
 - commit_granule_bytes: 65536.
 - commit_granule_words: 8192.
 - virtual_space_node_default_size: 8388608.
 - enlarge_chunks_in_place: 1.
 - use_allocation_guard: 0.


Internal statistics:

num_allocs_failed_limit: 0.
num_arena_births: 80.
num_arena_deaths: 0.
num_vsnodes_births: 2.
num_vsnodes_deaths: 0.
num_space_committed: 44.
num_space_uncommitted: 0.
num_chunks_returned_to_freelist: 0.
num_chunks_taken_from_freelist: 102.
num_chunk_merges: 0.
num_chunk_splits: 72.
num_chunks_enlarged: 46.
num_inconsistent_stats: 0.

CodeHeap 'non-profiled nmethods': size=120000Kb used=250Kb max_used=250Kb free=119749Kb
 bounds [0x000001c407ad0000, 0x000001c407d40000, 0x000001c40f000000]
CodeHeap 'profiled nmethods': size=120000Kb used=982Kb max_used=982Kb free=119017Kb
 bounds [0x000001c400000000, 0x000001c400270000, 0x000001c407530000]
CodeHeap 'non-nmethods': size=5760Kb used=1181Kb max_used=1191Kb free=4578Kb
 bounds [0x000001c407530000, 0x000001c4077a0000, 0x000001c407ad0000]
CodeCache: size=245760Kb, used=2413Kb, max_used=2423Kb, free=243344Kb
 total_blobs=1114, nmethods=674, adapters=347, full_count=0
Compilation: enabled, stopped_count=0, restarted_count=0

Compilation events (20 events):
Event: 0.265 Thread 0x000001c4508b70b0 nmethod 665 0x000001c4000f2210 code [0x000001c4000f23c0, 0x000001c4000f2618]
Event: 0.265 Thread 0x000001c4508b70b0  666       3       java.lang.invoke.LambdaForm$NamedFunction::returnType (11 bytes)
Event: 0.265 Thread 0x000001c4509adf80 nmethod 661 0x000001c407b0d190 code [0x000001c407b0d320, 0x000001c407b0d3c0]
Event: 0.265 Thread 0x000001c4509adf80  656       4       java.util.Arrays::checkLength (38 bytes)
Event: 0.265 Thread 0x000001c4509adf80 nmethod 656 0x000001c407b0d490 code [0x000001c407b0d620, 0x000001c407b0d6a8]
Event: 0.265 Thread 0x000001c4508b70b0 nmethod 666 0x000001c4000f2710 code [0x000001c4000f2920, 0x000001c4000f2e38]
Event: 0.267 Thread 0x000001c4550c6bc0 nmethod 657 0x000001c407b0d790 code [0x000001c407b0d920, 0x000001c407b0dc00]
Event: 0.269 Thread 0x000001c4508b70b0  667       3       sun.security.util.DerInputStream::available (10 bytes)
Event: 0.269 Thread 0x000001c4508b70b0 nmethod 667 0x000001c4000f3090 code [0x000001c4000f3220, 0x000001c4000f3330]
Event: 0.269 Thread 0x000001c4509adf80  668       4       lombok.patcher.scripts.MethodLevelPatchScript::patch (21 bytes)
Event: 0.270 Thread 0x000001c4508b70b0  669       3       java.util.jar.Manifest$FastInputStream::readLine (296 bytes)
Event: 0.271 Thread 0x000001c4508b70b0 nmethod 669 0x000001c4000f3390 code [0x000001c4000f35c0, 0x000001c4000f3e28]
Event: 0.271 Thread 0x000001c4508b70b0  670       3       java.util.Objects::checkFromIndexSize (8 bytes)
Event: 0.271 Thread 0x000001c4508b70b0 nmethod 670 0x000001c4000f4190 code [0x000001c4000f4340, 0x000001c4000f4548]
Event: 0.272 Thread 0x000001c4550c6bc0  671       4       java.lang.Math::min (11 bytes)
Event: 0.272 Thread 0x000001c4550c6bc0 nmethod 671 0x000001c407b0dd90 code [0x000001c407b0df00, 0x000001c407b0df70]
Event: 0.276 Thread 0x000001c4508b70b0  673       3       sun.invoke.util.Wrapper::forPrimitiveType (122 bytes)
Event: 0.277 Thread 0x000001c4508b70b0 nmethod 673 0x000001c4000f4690 code [0x000001c4000f4960, 0x000001c4000f5440]
Event: 0.277 Thread 0x000001c4508b70b0  675       3       java.lang.Integer::rotateRight (9 bytes)
Event: 0.277 Thread 0x000001c4508b70b0 nmethod 675 0x000001c4000f5710 code [0x000001c4000f58a0, 0x000001c4000f59a0]

GC Heap History (0 events):
No events

Dll operation events (8 events):
Event: 0.004 Loaded shared library c:\Users\Aluno SENAI.C308-LAB3-001\.vscode\extensions\redhat.java-1.46.0-win32-x64\jre\21.0.8-win32-x86_64\bin\java.dll
Event: 0.022 Loaded shared library c:\Users\Aluno SENAI.C308-LAB3-001\.vscode\extensions\redhat.java-1.46.0-win32-x64\jre\21.0.8-win32-x86_64\bin\zip.dll
Event: 0.062 Loaded shared library C:\Users\Aluno SENAI.C308-LAB3-001\.vscode\extensions\redhat.java-1.46.0-win32-x64\jre\21.0.8-win32-x86_64\bin\instrument.dll
Event: 0.065 Loaded shared library C:\Users\Aluno SENAI.C308-LAB3-001\.vscode\extensions\redhat.java-1.46.0-win32-x64\jre\21.0.8-win32-x86_64\bin\net.dll
Event: 0.066 Loaded shared library C:\Users\Aluno SENAI.C308-LAB3-001\.vscode\extensions\redhat.java-1.46.0-win32-x64\jre\21.0.8-win32-x86_64\bin\nio.dll
Event: 0.069 Loaded shared library C:\Users\Aluno SENAI.C308-LAB3-001\.vscode\extensions\redhat.java-1.46.0-win32-x64\jre\21.0.8-win32-x86_64\bin\zip.dll
Event: 0.082 Loaded shared library C:\Users\Aluno SENAI.C308-LAB3-001\.vscode\extensions\redhat.java-1.46.0-win32-x64\jre\21.0.8-win32-x86_64\bin\jimage.dll
Event: 0.136 Loaded shared library c:\Users\Aluno SENAI.C308-LAB3-001\.vscode\extensions\redhat.java-1.46.0-win32-x64\jre\21.0.8-win32-x86_64\bin\verify.dll

Deoptimization events (20 events):
Event: 0.245 Thread 0x000001c474c79460 Uncommon trap: trap_request=0xffffffde fr.pc=0x000001c407b077c4 relative=0x0000000000000124
Event: 0.245 Thread 0x000001c474c79460 Uncommon trap: reason=class_check action=maybe_recompile pc=0x000001c407b077c4 method=jdk.internal.misc.Unsafe.allocateUninitializedArray(Ljava/lang/Class;I)Ljava/lang/Object; @ 51 c2
Event: 0.245 Thread 0x000001c474c79460 DEOPT PACKING pc=0x000001c407b077c4 sp=0x000000b2cf3fbf30
Event: 0.245 Thread 0x000001c474c79460 DEOPT UNPACKING pc=0x000001c407583aa2 sp=0x000000b2cf3fbea8 mode 2
Event: 0.245 Thread 0x000001c474c79460 Uncommon trap: trap_request=0xffffffde fr.pc=0x000001c407b077c4 relative=0x0000000000000124
Event: 0.245 Thread 0x000001c474c79460 Uncommon trap: reason=class_check action=maybe_recompile pc=0x000001c407b077c4 method=jdk.internal.misc.Unsafe.allocateUninitializedArray(Ljava/lang/Class;I)Ljava/lang/Object; @ 51 c2
Event: 0.245 Thread 0x000001c474c79460 DEOPT PACKING pc=0x000001c407b077c4 sp=0x000000b2cf3fbf30
Event: 0.245 Thread 0x000001c474c79460 DEOPT UNPACKING pc=0x000001c407583aa2 sp=0x000000b2cf3fbea8 mode 2
Event: 0.245 Thread 0x000001c474c79460 Uncommon trap: trap_request=0xffffffde fr.pc=0x000001c407b077c4 relative=0x0000000000000124
Event: 0.245 Thread 0x000001c474c79460 Uncommon trap: reason=class_check action=maybe_recompile pc=0x000001c407b077c4 method=jdk.internal.misc.Unsafe.allocateUninitializedArray(Ljava/lang/Class;I)Ljava/lang/Object; @ 51 c2
Event: 0.245 Thread 0x000001c474c79460 DEOPT PACKING pc=0x000001c407b077c4 sp=0x000000b2cf3fbf30
Event: 0.245 Thread 0x000001c474c79460 DEOPT UNPACKING pc=0x000001c407583aa2 sp=0x000000b2cf3fbea8 mode 2
Event: 0.245 Thread 0x000001c474c79460 Uncommon trap: trap_request=0xffffffde fr.pc=0x000001c407b077c4 relative=0x0000000000000124
Event: 0.245 Thread 0x000001c474c79460 Uncommon trap: reason=class_check action=maybe_recompile pc=0x000001c407b077c4 method=jdk.internal.misc.Unsafe.allocateUninitializedArray(Ljava/lang/Class;I)Ljava/lang/Object; @ 51 c2
Event: 0.245 Thread 0x000001c474c79460 DEOPT PACKING pc=0x000001c407b077c4 sp=0x000000b2cf3fbf70
Event: 0.245 Thread 0x000001c474c79460 DEOPT UNPACKING pc=0x000001c407583aa2 sp=0x000000b2cf3fbee8 mode 2
Event: 0.251 Thread 0x000001c474c79460 Uncommon trap: trap_request=0xffffff45 fr.pc=0x000001c407af23d0 relative=0x00000000000000b0
Event: 0.251 Thread 0x000001c474c79460 Uncommon trap: reason=unstable_if action=reinterpret pc=0x000001c407af23d0 method=java.net.URI.match(CJJ)Z @ 45 c2
Event: 0.251 Thread 0x000001c474c79460 DEOPT PACKING pc=0x000001c407af23d0 sp=0x000000b2cf3fcb20
Event: 0.251 Thread 0x000001c474c79460 DEOPT UNPACKING pc=0x000001c407583aa2 sp=0x000000b2cf3fca88 mode 2

Classes loaded (20 events):
Event: 0.279 Loading class jdk/internal/icu/text/NormalizerBase$NFCMode done
Event: 0.279 Loading class jdk/internal/icu/text/NormalizerBase$NFKCMode
Event: 0.279 Loading class jdk/internal/icu/text/NormalizerBase$NFKCMode done
Event: 0.279 Loading class jdk/internal/icu/text/NormalizerBase$1
Event: 0.279 Loading class jdk/internal/icu/text/NormalizerBase$1 done
Event: 0.279 Loading class jdk/internal/icu/text/NormalizerBase$NFKDModeImpl
Event: 0.280 Loading class jdk/internal/icu/text/NormalizerBase$NFKDModeImpl done
Event: 0.280 Loading class jdk/internal/icu/text/NormalizerBase$ModeImpl
Event: 0.280 Loading class jdk/internal/icu/text/NormalizerBase$ModeImpl done
Event: 0.280 Loading class jdk/internal/icu/text/Normalizer2
Event: 0.280 Loading class jdk/internal/icu/text/Normalizer2 done
Event: 0.280 Loading class jdk/internal/icu/impl/Norm2AllModes
Event: 0.280 Loading class jdk/internal/icu/impl/Norm2AllModes done
Event: 0.280 Loading class jdk/internal/icu/impl/Norm2AllModes$NoopNormalizer2
Event: 0.280 Loading class jdk/internal/icu/impl/Norm2AllModes$NoopNormalizer2 done
Event: 0.280 Loading class jdk/internal/icu/impl/Norm2AllModes$NFKCSingleton
Event: 0.280 Loading class jdk/internal/icu/impl/Norm2AllModes$NFKCSingleton done
Event: 0.280 Loading class jdk/internal/icu/impl/Norm2AllModes$Norm2AllModesSingleton
Event: 0.280 Loading class jdk/internal/icu/impl/Norm2AllModes$Norm2AllModesSingleton done
Event: 0.280 Loading class jdk/internal/icu/impl/NormalizerImpl

Classes unloaded (0 events):
No events

Classes redefined (0 events):
No events

Internal exceptions (12 events):
Event: 0.043 Thread 0x000001c474c79460 Exception <a 'java/lang/NoSuchMethodError'{0x00000000d579fb40}: 'void java.lang.invoke.DirectMethodHandle$Holder.invokeStatic(java.lang.Object, java.lang.Object, java.lang.Object)'> (0x00000000d579fb40) 
thrown [s\src\hotspot\share\interpreter\linkResolver.cpp, line 773]
Event: 0.078 Thread 0x000001c474c79460 Exception <a 'java/lang/NoSuchMethodError'{0x00000000d59099f0}: 'java.lang.Object java.lang.invoke.Invokers$Holder.invokeExact_MT(java.lang.Object, java.lang.Object, java.lang.Object, java.lang.Object, java.lang.Object)'> (0x00000000d59099f0) 
thrown [s\src\hotspot\share\interpreter\linkResolver.cpp, line 773]
Event: 0.106 Thread 0x000001c474c79460 Exception <a 'java/lang/NoSuchMethodError'{0x00000000d59c5e78}: 'int java.lang.invoke.DirectMethodHandle$Holder.invokeSpecial(java.lang.Object, java.lang.Object, java.lang.Object, int)'> (0x00000000d59c5e78) 
thrown [s\src\hotspot\share\interpreter\linkResolver.cpp, line 773]
Event: 0.108 Thread 0x000001c474c79460 Exception <a 'java/lang/NoSuchMethodError'{0x00000000d59d8860}: 'java.lang.Object java.lang.invoke.DirectMethodHandle$Holder.invokeStatic(java.lang.Object, java.lang.Object, java.lang.Object, java.lang.Object, int)'> (0x00000000d59d8860) 
thrown [s\src\hotspot\share\interpreter\linkResolver.cpp, line 773]
Event: 0.109 Thread 0x000001c474c79460 Exception <a 'java/lang/NoSuchMethodError'{0x00000000d59e3ca0}: 'void java.lang.invoke.DelegatingMethodHandle$Holder.reinvoke_L(java.lang.Object, java.lang.Object, java.lang.Object, int, java.lang.Object)'> (0x00000000d59e3ca0) 
thrown [s\src\hotspot\share\interpreter\linkResolver.cpp, line 773]
Event: 0.109 Thread 0x000001c474c79460 Exception <a 'java/lang/NoSuchMethodError'{0x00000000d59eabe8}: 'int java.lang.invoke.DirectMethodHandle$Holder.invokeSpecial(java.lang.Object, java.lang.Object, java.lang.Object)'> (0x00000000d59eabe8) 
thrown [s\src\hotspot\share\interpreter\linkResolver.cpp, line 773]
Event: 0.112 Thread 0x000001c474c79460 Exception <a 'java/lang/NoSuchMethodError'{0x00000000d5a00400}: 'java.lang.Object java.lang.invoke.DirectMethodHandle$Holder.invokeStatic(java.lang.Object, java.lang.Object, int)'> (0x00000000d5a00400) 
thrown [s\src\hotspot\share\interpreter\linkResolver.cpp, line 773]
Event: 0.112 Thread 0x000001c474c79460 Exception <a 'java/lang/NoSuchMethodError'{0x00000000d5a04d50}: 'void java.lang.invoke.DirectMethodHandle$Holder.invokeStatic(java.lang.Object, java.lang.Object, int, java.lang.Object)'> (0x00000000d5a04d50) 
thrown [s\src\hotspot\share\interpreter\linkResolver.cpp, line 773]
Event: 0.112 Thread 0x000001c474c79460 Exception <a 'java/lang/NoSuchMethodError'{0x00000000d5a088e0}: 'void java.lang.invoke.DirectMethodHandle$Holder.invokeSpecial(java.lang.Object, java.lang.Object, java.lang.Object, int, java.lang.Object)'> (0x00000000d5a088e0) 
thrown [s\src\hotspot\share\interpreter\linkResolver.cpp, line 773]
Event: 0.113 Thread 0x000001c474c79460 Exception <a 'java/lang/NoSuchMethodError'{0x00000000d5a0bd50}: 'void java.lang.invoke.DelegatingMethodHandle$Holder.delegate(java.lang.Object, java.lang.Object, int, java.lang.Object)'> (0x00000000d5a0bd50) 
thrown [s\src\hotspot\share\interpreter\linkResolver.cpp, line 773]
Event: 0.149 Thread 0x000001c474c79460 Exception <a 'java/lang/NoSuchMethodError'{0x00000000d5bdab08}: 'void java.lang.invoke.DelegatingMethodHandle$Holder.reinvoke_L(java.lang.Object, java.lang.Object, java.lang.Object, int)'> (0x00000000d5bdab08) 
thrown [s\src\hotspot\share\interpreter\linkResolver.cpp, line 773]
Event: 0.237 Thread 0x000001c474c79460 Exception <a 'java/lang/NoSuchMethodError'{0x00000000d6084e18}: 'void java.lang.invoke.DirectMethodHandle$Holder.invokeVirtual(java.lang.Object, java.lang.Object)'> (0x00000000d6084e18) 
thrown [s\src\hotspot\share\interpreter\linkResolver.cpp, line 773]

ZGC Phase Switch (0 events):
No events

VM Operations (4 events):
Event: 0.045 Executing VM operation: HandshakeAllThreads (Deoptimize)
Event: 0.045 Executing VM operation: HandshakeAllThreads (Deoptimize) done
Event: 0.090 Executing VM operation: HandshakeAllThreads (Deoptimize)
Event: 0.091 Executing VM operation: HandshakeAllThreads (Deoptimize) done

Memory protections (0 events):
No events

Nmethod flushes (0 events):
No events

Events (13 events):
Event: 0.014 Thread 0x000001c474c79460 Thread added: 0x000001c474c79460
Event: 0.023 Thread 0x000001c474c79460 Thread added: 0x000001c476f4f6b0
Event: 0.023 Thread 0x000001c474c79460 Thread added: 0x000001c476f52b70
Event: 0.023 Thread 0x000001c474c79460 Thread added: 0x000001c476f54380
Event: 0.023 Thread 0x000001c474c79460 Thread added: 0x000001c476f55090
Event: 0.023 Thread 0x000001c474c79460 Thread added: 0x000001c476f58400
Event: 0.023 Thread 0x000001c474c79460 Thread added: 0x000001c476f595f0
Event: 0.023 Thread 0x000001c474c79460 Thread added: 0x000001c476f5e0c0
Event: 0.024 Thread 0x000001c474c79460 Thread added: 0x000001c4508b70b0
Event: 0.038 Thread 0x000001c474c79460 Thread added: 0x000001c45098dcd0
Event: 0.054 Thread 0x000001c4508b70b0 Thread added: 0x000001c4509adf80
Event: 0.194 Thread 0x000001c474c79460 Thread added: 0x000001c450c1c9a0
Event: 0.262 Thread 0x000001c4508b70b0 Thread added: 0x000001c4550c6bc0


Dynamic libraries:
0x00007ff66f100000 - 0x00007ff66f10e000 	c:\Users\Aluno SENAI.C308-LAB3-001\.vscode\extensions\redhat.java-1.46.0-win32-x64\jre\21.0.8-win32-x86_64\bin\java.exe
0x00007ff93bed0000 - 0x00007ff93c0c8000 	C:\Windows\SYSTEM32\ntdll.dll
0x00007ff93b860000 - 0x00007ff93b922000 	C:\Windows\System32\KERNEL32.DLL
0x00007ff9396d0000 - 0x00007ff9399c6000 	C:\Windows\System32\KERNELBASE.dll
0x00007ff939c80000 - 0x00007ff939d80000 	C:\Windows\System32\ucrtbase.dll
0x00007ff922f70000 - 0x00007ff922f88000 	c:\Users\Aluno SENAI.C308-LAB3-001\.vscode\extensions\redhat.java-1.46.0-win32-x64\jre\21.0.8-win32-x86_64\bin\jli.dll
0x00007ff923db0000 - 0x00007ff923dce000 	c:\Users\Aluno SENAI.C308-LAB3-001\.vscode\extensions\redhat.java-1.46.0-win32-x64\jre\21.0.8-win32-x86_64\bin\VCRUNTIME140.dll
0x00007ff93af40000 - 0x00007ff93b0dd000 	C:\Windows\System32\USER32.dll
0x00007ff939b00000 - 0x00007ff939b22000 	C:\Windows\System32\win32u.dll
0x00007ff922200000 - 0x00007ff92249b000 	C:\Windows\WinSxS\amd64_microsoft.windows.common-controls_6595b64144ccf1df_6.0.19041.6280_none_60bc30a171f2f3f3\COMCTL32.dll
0x00007ff93a4c0000 - 0x00007ff93a4eb000 	C:\Windows\System32\GDI32.dll
0x00007ff939b30000 - 0x00007ff939c49000 	C:\Windows\System32\gdi32full.dll
0x00007ff93a4f0000 - 0x00007ff93a58e000 	C:\Windows\System32\msvcrt.dll
0x00007ff9399d0000 - 0x00007ff939a6d000 	C:\Windows\System32\msvcp_win.dll
0x00007ff93adb0000 - 0x00007ff93addf000 	C:\Windows\System32\IMM32.DLL
0x00007ff935660000 - 0x00007ff93566c000 	c:\Users\Aluno SENAI.C308-LAB3-001\.vscode\extensions\redhat.java-1.46.0-win32-x64\jre\21.0.8-win32-x86_64\bin\vcruntime140_1.dll
0x00007ff901e90000 - 0x00007ff901f1d000 	c:\Users\Aluno SENAI.C308-LAB3-001\.vscode\extensions\redhat.java-1.46.0-win32-x64\jre\21.0.8-win32-x86_64\bin\msvcp140.dll
0x00007ff8ee0c0000 - 0x00007ff8eee57000 	c:\Users\Aluno SENAI.C308-LAB3-001\.vscode\extensions\redhat.java-1.46.0-win32-x64\jre\21.0.8-win32-x86_64\bin\server\jvm.dll
0x00007ff93ac00000 - 0x00007ff93acb1000 	C:\Windows\System32\ADVAPI32.dll
0x00007ff93a950000 - 0x00007ff93a9ef000 	C:\Windows\System32\sechost.dll
0x00007ff93aae0000 - 0x00007ff93ac00000 	C:\Windows\System32\RPCRT4.dll
0x00007ff939c50000 - 0x00007ff939c77000 	C:\Windows\System32\bcrypt.dll
0x00007ff93ad40000 - 0x00007ff93adab000 	C:\Windows\System32\WS2_32.dll
0x00007ff939320000 - 0x00007ff93936b000 	C:\Windows\SYSTEM32\POWRPROF.dll
0x00007ff933fd0000 - 0x00007ff933fda000 	C:\Windows\SYSTEM32\VERSION.dll
0x00007ff92c660000 - 0x00007ff92c687000 	C:\Windows\SYSTEM32\WINMM.dll
0x00007ff939300000 - 0x00007ff939312000 	C:\Windows\SYSTEM32\UMPDC.dll
0x00007ff9373d0000 - 0x00007ff9373e2000 	C:\Windows\SYSTEM32\kernel.appcore.dll
0x00007ff934070000 - 0x00007ff93407a000 	c:\Users\Aluno SENAI.C308-LAB3-001\.vscode\extensions\redhat.java-1.46.0-win32-x64\jre\21.0.8-win32-x86_64\bin\jimage.dll
0x00007ff929830000 - 0x00007ff929a31000 	C:\Windows\SYSTEM32\DBGHELP.DLL
0x00007ff920700000 - 0x00007ff920734000 	C:\Windows\SYSTEM32\dbgcore.DLL
0x00007ff939a70000 - 0x00007ff939af2000 	C:\Windows\System32\bcryptPrimitives.dll
0x00007ff92a1b0000 - 0x00007ff92a1bf000 	c:\Users\Aluno SENAI.C308-LAB3-001\.vscode\extensions\redhat.java-1.46.0-win32-x64\jre\21.0.8-win32-x86_64\bin\instrument.dll
0x00007ff922d40000 - 0x00007ff922d5f000 	c:\Users\Aluno SENAI.C308-LAB3-001\.vscode\extensions\redhat.java-1.46.0-win32-x64\jre\21.0.8-win32-x86_64\bin\java.dll
0x00007ff93b0e0000 - 0x00007ff93b850000 	C:\Windows\System32\SHELL32.dll
0x00007ff9375d0000 - 0x00007ff937d75000 	C:\Windows\SYSTEM32\windows.storage.dll
0x00007ff93a5f0000 - 0x00007ff93a943000 	C:\Windows\System32\combase.dll
0x00007ff938df0000 - 0x00007ff938e1b000 	C:\Windows\SYSTEM32\Wldp.dll
0x00007ff93bdb0000 - 0x00007ff93be7d000 	C:\Windows\System32\OLEAUT32.dll
0x00007ff93ade0000 - 0x00007ff93ae8d000 	C:\Windows\System32\SHCORE.dll
0x00007ff93b950000 - 0x00007ff93b9ab000 	C:\Windows\System32\shlwapi.dll
0x00007ff9394a0000 - 0x00007ff9394c4000 	C:\Windows\SYSTEM32\profapi.dll
0x00007ff922c20000 - 0x00007ff922c38000 	c:\Users\Aluno SENAI.C308-LAB3-001\.vscode\extensions\redhat.java-1.46.0-win32-x64\jre\21.0.8-win32-x86_64\bin\zip.dll
0x00007ff9295c0000 - 0x00007ff9295d0000 	C:\Users\Aluno SENAI.C308-LAB3-001\.vscode\extensions\redhat.java-1.46.0-win32-x64\jre\21.0.8-win32-x86_64\bin\net.dll
0x00007ff931f00000 - 0x00007ff93200a000 	C:\Windows\SYSTEM32\WINHTTP.dll
0x00007ff938bd0000 - 0x00007ff938c3a000 	C:\Windows\system32\mswsock.dll
0x00007ff910510000 - 0x00007ff910526000 	C:\Users\Aluno SENAI.C308-LAB3-001\.vscode\extensions\redhat.java-1.46.0-win32-x64\jre\21.0.8-win32-x86_64\bin\nio.dll
0x00007ff929420000 - 0x00007ff929430000 	c:\Users\Aluno SENAI.C308-LAB3-001\.vscode\extensions\redhat.java-1.46.0-win32-x64\jre\21.0.8-win32-x86_64\bin\verify.dll

JVMTI agents:
c:\Users\Aluno SENAI.C308-LAB3-001\.vscode\extensions\redhat.java-1.46.0-win32-x64\lombok\lombok-1.18.39-4050.jar path:c:\Users\Aluno SENAI.C308-LAB3-001\.vscode\extensions\redhat.java-1.46.0-win32-x64\jre\21.0.8-win32-x86_64\bin\instrument.dll, loaded, initialized, instrumentlib options:none

dbghelp: loaded successfully - version: 4.0.5 - missing functions: none
symbol engine: initialized successfully - sym options: 0x614 - pdb path: .;c:\Users\Aluno SENAI.C308-LAB3-001\.vscode\extensions\redhat.java-1.46.0-win32-x64\jre\21.0.8-win32-x86_64\bin;C:\Windows\SYSTEM32;C:\Windows\WinSxS\amd64_microsoft.windows.common-controls_6595b64144ccf1df_6.0.19041.6280_none_60bc30a171f2f3f3;c:\Users\Aluno SENAI.C308-LAB3-001\.vscode\extensions\redhat.java-1.46.0-win32-x64\jre\21.0.8-win32-x86_64\bin\server

VM Arguments:
jvm_args: --add-modules=ALL-SYSTEM --add-opens=java.base/java.util=ALL-UNNAMED --add-opens=java.base/java.lang=ALL-UNNAMED --add-opens=java.base/sun.nio.fs=ALL-UNNAMED -Declipse.application=org.eclipse.jdt.ls.core.id1 -Dosgi.bundles.defaultStartLevel=4 -Declipse.product=org.eclipse.jdt.ls.core.product -Djava.import.generatesMetadataFilesAtProjectRoot=false -DDetectVMInstallationsJob.disabled=true -Dfile.encoding=utf8 -XX:+UseParallelGC -XX:GCTimeRatio=4 -XX:AdaptiveSizePolicyWeight=90 -Dsun.zip.disableMemoryMapping=true -Xmx2G -Xms100m -Xlog:disable -javaagent:c:\Users\Aluno SENAI.C308-LAB3-001\.vscode\extensions\redhat.java-1.46.0-win32-x64\lombok\lombok-1.18.39-4050.jar 
java_command: c:\Users\Aluno SENAI.C308-LAB3-001\.vscode\extensions\redhat.java-1.46.0-win32-x64\server\plugins\org.eclipse.equinox.launcher_1.7.0.v20250519-0528.jar -configuration c:\Users\Aluno SENAI.C308-LAB3-001\AppData\Roaming\Code\User\globalStorage\redhat.java\1.46.0\config_ss_win -data c:\Users\Aluno SENAI.C308-LAB3-001\AppData\Roaming\Code\User\workspaceStorage\24097eb5515a1f894a3d3addbae6f95b\redhat.java\ss_ws --pipe=\\.\pipe\lsp-a9680adefa678afb700cca222c590cb7-sock
java_class_path (initial): c:\Users\Aluno SENAI.C308-LAB3-001\.vscode\extensions\redhat.java-1.46.0-win32-x64\server\plugins\org.eclipse.equinox.launcher_1.7.0.v20250519-0528.jar
Launcher Type: SUN_STANDARD

[Global flags]
    uintx AdaptiveSizePolicyWeight                 = 90                                        {product} {command line}
     intx CICompilerCount                          = 4                                         {product} {ergonomic}
    uintx GCTimeRatio                              = 4                                         {product} {command line}
   size_t InitialHeapSize                          = 104857600                                 {product} {command line}
   size_t MaxHeapSize                              = 2147483648                                {product} {command line}
   size_t MaxNewSize                               = 715653120                                 {product} {ergonomic}
   size_t MinHeapDeltaBytes                        = 524288                                    {product} {ergonomic}
   size_t MinHeapSize                              = 104857600                                 {product} {command line}
   size_t NewSize                                  = 34603008                                  {product} {ergonomic}
    uintx NonNMethodCodeHeapSize                   = 5839372                                {pd product} {ergonomic}
    uintx NonProfiledCodeHeapSize                  = 122909434                              {pd product} {ergonomic}
   size_t OldSize                                  = 70254592                                  {product} {ergonomic}
    uintx ProfiledCodeHeapSize                     = 122909434                              {pd product} {ergonomic}
    uintx ReservedCodeCacheSize                    = 251658240                              {pd product} {ergonomic}
     bool SegmentedCodeCache                       = true                                      {product} {ergonomic}
   size_t SoftMaxHeapSize                          = 2147483648                             {manageable} {ergonomic}
     bool UseCompressedOops                        = true                           {product lp64_product} {ergonomic}
     bool UseLargePagesIndividualAllocation        = false                                  {pd product} {ergonomic}
     bool UseParallelGC                            = true                                      {product} {command line}

Logging:
Log output configuration:
 #0: stdout all=off uptime,level,tags foldmultilines=false
 #1: stderr all=off uptime,level,tags foldmultilines=false

Environment Variables:
PATH=C:\Program Files (x86)\NVIDIA Corporation\PhysX\Common;C:\Program Files\Common Files\Oracle\Java\javapath;C:\Python313\Scripts\;C:\Python313\;C:\Program Files\Python312\Scripts\;C:\Program Files\Python312\;C:\Windows\system32;C:\Windows;C:\Windows\System32\Wbem;C:\Windows\System32\WindowsPowerShell\v1.0\;C:\Windows\System32\OpenSSH\;C:\ProgramData\UNIVALI\Portugol Studio;C:\Program Files\dotnet\;C:\Program Files (x86)\dotnet\;C:\Program Files (x86)\Windows Kits\8.1\Windows Performance Toolkit\;C:\MinGW\bin;C:\Program Files\Microsoft SQL Server\Client SDK\ODBC\170\Tools\Binn\;C:\Program Files (x86)\Microsoft SQL Server\150\Tools\Binn\;C:\Program Files\Microsoft SQL Server\150\Tools\Binn\;C:\Program Files\Microsoft SQL Server\150\DTS\Binn\;C:\Program Files\nodejs\;C:\ProgramData\chocolatey\bin;C:\sqlite3;C:\Program Files\Docker\Docker\resources\bin;C:\Program Files (x86)\Microsoft SQL Server\160\Tools\Binn\;C:\Program Files\Microsoft SQL Server\160\Tools\Binn\;C:\Program Files\Microsoft SQL Server\160\DTS\Binn\;C:\Program Files\Git\cmd;C:\Program Files (x86)\Microsoft SQL Server\160\DTS\Binn\;C:\app_programas\android_sdk\platform-tools\;C:\app_programas\flutter\bin\;C:\Users\Aluno SENAI.C308-LAB3-001\AppData\Local\Microsoft\WindowsApps;C:\Users\Aluno SENAI.C308-LAB3-001\AppData\Local\GitHubDesktop\bin;C:\Users\Aluno SENAI.C308-LAB3-001\.dotnet\tools;C:\Microsoft VS Code\bin
USERNAME=Aluno SENAI
OS=Windows_NT
PROCESSOR_IDENTIFIER=AMD64 Family 25 Model 80 Stepping 0, AuthenticAMD
TMP=C:\Users\ALUNOS~1.C30\AppData\Local\Temp
TEMP=C:\Users\ALUNOS~1.C30\AppData\Local\Temp




Periodic native trim disabled

---------------  S Y S T E M  ---------------

OS:
 Windows 10 , 64 bit Build 19041 (10.0.19041.5915)
OS uptime: 0 days 7:00 hours
Hyper-V role detected

CPU: total 12 (initial active 12) (12 cores per cpu, 2 threads per core) family 25 model 80 stepping 0 microcode 0x0, cx8, cmov, fxsr, ht, mmx, 3dnowpref, sse, sse2, sse3, ssse3, sse4a, sse4.1, sse4.2, popcnt, lzcnt, tsc, tscinvbit, avx, avx2, aes, erms, clmul, bmi1, bmi2, adx, sha, fma, vzeroupper, clflush, clflushopt, hv, rdtscp, rdpid, fsrm, f16c, cet_ss
Processor Information for the first 12 processors :
  Max Mhz: 3901, Current Mhz: 3901, Mhz Limit: 3901

Memory: 4k page, system-wide physical 7553M (1160M free)
TotalPageFile size 11649M (AvailPageFile size 2M)
current process WorkingSet (physical memory assigned to process): 57M, peak: 57M
current process commit charge ("private bytes"): 236M, peak: 236M

vm_info: OpenJDK 64-Bit Server VM (21.0.8+9-LTS) for windows-amd64 JRE (21.0.8+9-LTS), built on 2025-07-15T00:00:00Z by "admin" with MS VC++ 17.7 (VS2022)

END.
