#
# There is insufficient memory for the Java Runtime Environment to continue.
# Native memory allocation (malloc) failed to allocate 267696 bytes. Error detail: Chunk::new
# Possible reasons:
#   The system is out of physical RAM or swap space
#   This process is running with CompressedOops enabled, and the Java Heap may be blocking the growth of the native heap
# Possible solutions:
#   Reduce memory load on the system
#   Increase physical memory or swap space
#   Check if swap backing store is full
#   Decrease Java heap size (-Xmx/-Xms)
#   Decrease number of Java threads
#   Decrease Java thread stack sizes (-Xss)
#   Set larger code cache with -XX:ReservedCodeCacheSize=
#   JVM is running with Unscaled Compressed Oops mode in which the Java heap is
#     placed in the first 4GB address space. The Java Heap base address is the
#     maximum limit for the native heap growth. Please use -XX:HeapBaseMinAddress
#     to set the Java Heap base and to place the Java Heap above 4GB virtual address.
# This output file may be truncated or incomplete.
#
#  Out of Memory Error (arena.cpp:168), pid=2684, tid=13136
#
# JRE version: OpenJDK Runtime Environment Temurin-21.0.8+9 (21.0.8+9) (build 21.0.8+9-LTS)
# Java VM: OpenJDK 64-Bit Server VM Temurin-21.0.8+9 (21.0.8+9-LTS, mixed mode, sharing, tiered, compressed oops, compressed class ptrs, parallel gc, windows-amd64)
# No core dump will be written. Minidumps are not enabled by default on client versions of Windows
#

---------------  S U M M A R Y ------------

Command Line: --add-modules=ALL-SYSTEM --add-opens=java.base/java.util=ALL-UNNAMED --add-opens=java.base/java.lang=ALL-UNNAMED --add-opens=java.base/sun.nio.fs=ALL-UNNAMED -Declipse.application=org.eclipse.jdt.ls.core.id1 -Dosgi.bundles.defaultStartLevel=4 -Declipse.product=org.eclipse.jdt.ls.core.product -Djava.import.generatesMetadataFilesAtProjectRoot=false -DDetectVMInstallationsJob.disabled=true -Dfile.encoding=utf8 -XX:+UseParallelGC -XX:GCTimeRatio=4 -XX:AdaptiveSizePolicyWeight=90 -Dsun.zip.disableMemoryMapping=true -Xmx2G -Xms100m -Xlog:disable -javaagent:c:\Users\Aluno SENAI.C308-LAB3-001\.vscode\extensions\redhat.java-1.46.0-win32-x64\lombok\lombok-1.18.39-4050.jar c:\Users\Aluno SENAI.C308-LAB3-001\.vscode\extensions\redhat.java-1.46.0-win32-x64\server\plugins\org.eclipse.equinox.launcher_1.7.0.v20250519-0528.jar -configuration c:\Users\Aluno SENAI.C308-LAB3-001\AppData\Roaming\Code\User\globalStorage\redhat.java\1.46.0\config_ss_win -data c:\Users\Aluno SENAI.C308-LAB3-001\AppData\Roaming\Code\User\workspaceStorage\24097eb5515a1f894a3d3addbae6f95b\redhat.java\ss_ws --pipe=\\.\pipe\lsp-9d3536f7033674ddb72d38f5d350c852-sock

Host: AMD Ryzen 5 PRO 5650G with Radeon Graphics     , 12 cores, 7G,  Windows 10 , 64 bit Build 19041 (10.0.19041.5915)
Time: Tue Oct 21 14:43:57 2025 Hora Padrão da Bahia elapsed time: 1.012527 seconds (0d 0h 0m 1s)

---------------  T H R E A D  ---------------

Current thread (0x000001a9e7616940):  JavaThread "C2 CompilerThread2" daemon [_thread_in_native, id=13136, stack(0x0000007956200000,0x0000007956300000) (1024K)]


Current CompileTask:
C2:1012 1939       4       java.io.DataInputStream::readFully (59 bytes)

Stack: [0x0000007956200000,0x0000007956300000]
Native frames: (J=compiled Java code, j=interpreted, Vv=VM code, C=native code)
V  [jvm.dll+0x6d2449]
V  [jvm.dll+0x8ae341]
V  [jvm.dll+0x8b08be]
V  [jvm.dll+0x8b0fa3]
V  [jvm.dll+0x280c96]
V  [jvm.dll+0xc581d]
V  [jvm.dll+0xc5d53]
V  [jvm.dll+0x3b9162]
V  [jvm.dll+0x385315]
V  [jvm.dll+0x38477a]
V  [jvm.dll+0x248ed0]
V  [jvm.dll+0x2484af]
V  [jvm.dll+0x1c89ee]
V  [jvm.dll+0x257d4d]
V  [jvm.dll+0x2562ea]
V  [jvm.dll+0x3f2d16]
V  [jvm.dll+0x857e6b]
V  [jvm.dll+0x6d0b0d]
C  [ucrtbase.dll+0x21bb2]
C  [KERNEL32.DLL+0x17374]
C  [ntdll.dll+0x4cc91]


---------------  P R O C E S S  ---------------

Threads class SMR info:
_java_thread_list=0x000001a9e7c9bb40, length=17, elements={
0x000001a9cc915250, 0x000001a9e52acd40, 0x000001a9e52ae490, 0x000001a9e52b1f10,
0x000001a9e52b3c30, 0x000001a9e52b6bd0, 0x000001a9e52bd900, 0x000001a9e72d0820,
0x000001a9e72d1ed0, 0x000001a9cc9805b0, 0x000001a9e75ea430, 0x000001a9e7616940,
0x000001a9e76157a0, 0x000001a9e7d06a50, 0x000001a9e7adce90, 0x000001a9e798a470,
0x000001a9ec3504f0
}

Java Threads: ( => current thread )
  0x000001a9cc915250 JavaThread "main"                              [_thread_blocked, id=10740, stack(0x0000007955400000,0x0000007955500000) (1024K)]
  0x000001a9e52acd40 JavaThread "Reference Handler"          daemon [_thread_blocked, id=5664, stack(0x0000007955800000,0x0000007955900000) (1024K)]
  0x000001a9e52ae490 JavaThread "Finalizer"                  daemon [_thread_blocked, id=16084, stack(0x0000007955900000,0x0000007955a00000) (1024K)]
  0x000001a9e52b1f10 JavaThread "Signal Dispatcher"          daemon [_thread_blocked, id=2592, stack(0x0000007955a00000,0x0000007955b00000) (1024K)]
  0x000001a9e52b3c30 JavaThread "Attach Listener"            daemon [_thread_blocked, id=15844, stack(0x0000007955b00000,0x0000007955c00000) (1024K)]
  0x000001a9e52b6bd0 JavaThread "Service Thread"             daemon [_thread_blocked, id=7828, stack(0x0000007955c00000,0x0000007955d00000) (1024K)]
  0x000001a9e52bd900 JavaThread "Monitor Deflation Thread"   daemon [_thread_blocked, id=2092, stack(0x0000007955d00000,0x0000007955e00000) (1024K)]
  0x000001a9e72d0820 JavaThread "C2 CompilerThread0"         daemon [_thread_blocked, id=7676, stack(0x0000007955e00000,0x0000007955f00000) (1024K)]
  0x000001a9e72d1ed0 JavaThread "C1 CompilerThread0"         daemon [_thread_blocked, id=17116, stack(0x0000007955f00000,0x0000007956000000) (1024K)]
  0x000001a9cc9805b0 JavaThread "Common-Cleaner"             daemon [_thread_blocked, id=13692, stack(0x0000007956000000,0x0000007956100000) (1024K)]
  0x000001a9e75ea430 JavaThread "C2 CompilerThread1"         daemon [_thread_blocked, id=16156, stack(0x0000007956100000,0x0000007956200000) (1024K)]
=>0x000001a9e7616940 JavaThread "C2 CompilerThread2"         daemon [_thread_in_native, id=13136, stack(0x0000007956200000,0x0000007956300000) (1024K)]
  0x000001a9e76157a0 JavaThread "Notification Thread"        daemon [_thread_blocked, id=16792, stack(0x0000007956300000,0x0000007956400000) (1024K)]
  0x000001a9e7d06a50 JavaThread "Active Thread: Equinox Container: 6599d019-d9fc-4698-b25a-9f2a93274358"        [_thread_blocked, id=1492, stack(0x0000007956a00000,0x0000007956b00000) (1024K)]
  0x000001a9e7adce90 JavaThread "Framework Event Dispatcher: Equinox Container: 6599d019-d9fc-4698-b25a-9f2a93274358" daemon [_thread_blocked, id=5036, stack(0x0000007956b00000,0x0000007956c00000) (1024K)]
  0x000001a9e798a470 JavaThread "Start Level: Equinox Container: 6599d019-d9fc-4698-b25a-9f2a93274358" daemon [_thread_in_vm, id=16444, stack(0x0000007956c00000,0x0000007956d00000) (1024K)]
  0x000001a9ec3504f0 JavaThread "SCR Component Actor"        daemon [_thread_blocked, id=9072, stack(0x0000007956e00000,0x0000007956f00000) (1024K)]
Total: 17

Other Threads:
  0x000001a9e52a40c0 VMThread "VM Thread"                           [id=480, stack(0x0000007955700000,0x0000007955800000) (1024K)]
  0x000001a9e519c3e0 WatcherThread "VM Periodic Task Thread"        [id=3004, stack(0x0000007955600000,0x0000007955700000) (1024K)]
  0x000001a9cc932550 WorkerThread "GC Thread#0"                     [id=6468, stack(0x0000007955500000,0x0000007955600000) (1024K)]
  0x000001a9e7b07580 WorkerThread "GC Thread#1"                     [id=2552, stack(0x0000007956400000,0x0000007956500000) (1024K)]
  0x000001a9e7b07920 WorkerThread "GC Thread#2"                     [id=14332, stack(0x0000007956500000,0x0000007956600000) (1024K)]
  0x000001a9e7c30ef0 WorkerThread "GC Thread#3"                     [id=10948, stack(0x0000007956600000,0x0000007956700000) (1024K)]
  0x000001a9e79189a0 WorkerThread "GC Thread#4"                     [id=12784, stack(0x0000007956700000,0x0000007956800000) (1024K)]
  0x000001a9e7918d40 WorkerThread "GC Thread#5"                     [id=13744, stack(0x0000007956800000,0x0000007956900000) (1024K)]
  0x000001a9e79190e0 WorkerThread "GC Thread#6"                     [id=3248, stack(0x0000007956900000,0x0000007956a00000) (1024K)]
  0x000001a9ec4091a0 WorkerThread "GC Thread#7"                     [id=17336, stack(0x0000007956d00000,0x0000007956e00000) (1024K)]
Total: 10

Threads with active compile tasks:
C2 CompilerThread2  1027 1939       4       java.io.DataInputStream::readFully (59 bytes)
Total: 1

VM state: not at safepoint (normal execution)

VM Mutex/Monitor currently owned by a thread:  ([mutex/lock_event])
[0x00007ff8eed73458] Metaspace_lock - owner thread: 0x000001a9e798a470

Heap address: 0x0000000080000000, size: 2048 MB, Compressed Oops mode: 32-bit

CDS archive(s) mapped at: [0x000001a980000000-0x000001a980ba0000-0x000001a980ba0000), size 12189696, SharedBaseAddress: 0x000001a980000000, ArchiveRelocationMode: 1.
Compressed class space mapped at: 0x000001a981000000-0x000001a9c1000000, reserved size: 1073741824
Narrow klass base: 0x000001a980000000, Narrow klass shift: 0, Narrow klass range: 0x100000000

GC Precious Log:
 CardTable entry size: 512
 CPUs: 12 total, 12 available
 Memory: 7553M
 Large Page Support: Disabled
 NUMA Support: Disabled
 Compressed Oops: Enabled (32-bit)
 Alignments: Space 512K, Generation 512K, Heap 2M
 Heap Min Capacity: 100M
 Heap Initial Capacity: 100M
 Heap Max Capacity: 2G
 Pre-touch: Disabled
 Parallel Workers: 10

Heap:
 PSYoungGen      total 29696K, used 17492K [0x00000000d5580000, 0x00000000d7680000, 0x0000000100000000)
  eden space 25600K, 52% used [0x00000000d5580000,0x00000000d6299bb0,0x00000000d6e80000)
  from space 4096K, 99% used [0x00000000d7280000,0x00000000d767b5f0,0x00000000d7680000)
  to   space 4096K, 0% used [0x00000000d6e80000,0x00000000d6e80000,0x00000000d7280000)
 ParOldGen       total 68608K, used 904K [0x0000000080000000, 0x0000000084300000, 0x00000000d5580000)
  object space 68608K, 1% used [0x0000000080000000,0x00000000800e2020,0x0000000084300000)
 Metaspace       used 10760K, committed 11136K, reserved 1114112K
  class space    used 1159K, committed 1344K, reserved 1048576K

Card table byte_map: [0x000001a9e05d0000,0x000001a9e09e0000] _byte_map_base: 0x000001a9e01d0000

Marking Bits: (ParMarkBitMap*) 0x00007ff8eed7a340
 Begin Bits: [0x000001a9e0c90000, 0x000001a9e2c90000)
 End Bits:   [0x000001a9e2c90000, 0x000001a9e4c90000)

Polling page: 0x000001a9cc620000

Metaspace:

Usage:
  Non-class:      9.38 MB used.
      Class:      1.13 MB used.
       Both:     10.51 MB used.

Virtual space:
  Non-class space:       64.00 MB reserved,       9.56 MB ( 15%) committed,  1 nodes.
      Class space:        1.00 GB reserved,       1.31 MB ( <1%) committed,  1 nodes.
             Both:        1.06 GB reserved,      10.88 MB ( <1%) committed. 

Chunk freelists:
   Non-Class:  5.98 MB
       Class:  14.68 MB
        Both:  20.67 MB

MaxMetaspaceSize: unlimited
CompressedClassSpaceSize: 1.00 GB
Initial GC threshold: 21.00 MB
Current GC threshold: 21.00 MB
CDS: on
 - commit_granule_bytes: 65536.
 - commit_granule_words: 8192.
 - virtual_space_node_default_size: 8388608.
 - enlarge_chunks_in_place: 1.
 - use_allocation_guard: 0.


Internal statistics:

num_allocs_failed_limit: 0.
num_arena_births: 252.
num_arena_deaths: 0.
num_vsnodes_births: 2.
num_vsnodes_deaths: 0.
num_space_committed: 174.
num_space_uncommitted: 0.
num_chunks_returned_to_freelist: 0.
num_chunks_taken_from_freelist: 548.
num_chunk_merges: 0.
num_chunk_splits: 358.
num_chunks_enlarged: 246.
num_inconsistent_stats: 0.

CodeHeap 'non-profiled nmethods': size=120000Kb used=822Kb max_used=822Kb free=119177Kb
 bounds [0x000001a9d8eb0000, 0x000001a9d9120000, 0x000001a9e03e0000]
CodeHeap 'profiled nmethods': size=120000Kb used=3507Kb max_used=3507Kb free=116492Kb
 bounds [0x000001a9d13e0000, 0x000001a9d1750000, 0x000001a9d8910000]
CodeHeap 'non-nmethods': size=5760Kb used=1223Kb max_used=1250Kb free=4536Kb
 bounds [0x000001a9d8910000, 0x000001a9d8b80000, 0x000001a9d8eb0000]
CodeCache: size=245760Kb, used=5552Kb, max_used=5579Kb, free=240205Kb
 total_blobs=2446, nmethods=1954, adapters=399, full_count=0
Compilation: enabled, stopped_count=0, restarted_count=0

Compilation events (20 events):
Event: 0.997 Thread 0x000001a9e7616940 1939       4       java.io.DataInputStream::readFully (59 bytes)
Event: 0.997 Thread 0x000001a9e75ea430 nmethod 1937 0x000001a9d8f78310 code [0x000001a9d8f784c0, 0x000001a9d8f78650]
Event: 0.997 Thread 0x000001a9e75ea430 1941 %     4       java.io.DataInputStream::readUTF @ 92 (501 bytes)
Event: 1.000 Thread 0x000001a9e72d1ed0 1943       1       org.eclipse.osgi.storage.BundleInfo::getBundleId (5 bytes)
Event: 1.000 Thread 0x000001a9e72d1ed0 nmethod 1943 0x000001a9d8f78810 code [0x000001a9d8f789a0, 0x000001a9d8f78a68]
Event: 1.000 Thread 0x000001a9e72d1ed0 1944   !   3       org.eclipse.osgi.internal.framework.BundleContextImpl::dispatchEvent (577 bytes)
Event: 1.005 Thread 0x000001a9e72d1ed0 nmethod 1944 0x000001a9d1735890 code [0x000001a9d1736300, 0x000001a9d173bde8]
Event: 1.005 Thread 0x000001a9e72d1ed0 1947       3       org.eclipse.osgi.internal.loader.ModuleClassLoader::getClassLoadingLock (9 bytes)
Event: 1.005 Thread 0x000001a9e72d1ed0 nmethod 1947 0x000001a9d173f210 code [0x000001a9d173f3c0, 0x000001a9d173f500]
Event: 1.005 Thread 0x000001a9e72d1ed0 1948       3       org.eclipse.osgi.internal.container.KeyBasedLockStore::getLock (105 bytes)
Event: 1.006 Thread 0x000001a9e72d1ed0 nmethod 1948 0x000001a9d173f610 code [0x000001a9d173f8e0, 0x000001a9d1740908]
Event: 1.006 Thread 0x000001a9e72d1ed0 1945       3       org.eclipse.osgi.internal.framework.EquinoxBundle::getState (101 bytes)
Event: 1.007 Thread 0x000001a9e72d1ed0 nmethod 1945 0x000001a9d1740e90 code [0x000001a9d1741100, 0x000001a9d1741a78]
Event: 1.007 Thread 0x000001a9e72d1ed0 1946   !   3       org.eclipse.osgi.internal.framework.EquinoxBundle::$SWITCH_TABLE$org$eclipse$osgi$container$Module$State (115 bytes)
Event: 1.008 Thread 0x000001a9e72d1ed0 nmethod 1946 0x000001a9d1741e10 code [0x000001a9d1742000, 0x000001a9d1742558]
Event: 1.008 Thread 0x000001a9e72d1ed0 1949   !   3       org.eclipse.osgi.container.ModuleDatabase::getWiring (31 bytes)
Event: 1.008 Thread 0x000001a9e72d1ed0 nmethod 1949 0x000001a9d1742790 code [0x000001a9d1742a00, 0x000001a9d1743370]
Event: 1.009 Thread 0x000001a9e72d1ed0 1950   !   3       org.eclipse.osgi.internal.loader.BundleLoader::findLocalClass (166 bytes)
Event: 1.011 Thread 0x000001a9e72d1ed0 nmethod 1950 0x000001a9d1743810 code [0x000001a9d1743cc0, 0x000001a9d1745d10]
Event: 1.011 Thread 0x000001a9e72d1ed0 1952   !   3       org.eclipse.osgi.internal.hooks.EclipseLazyStarter::postFindLocalClass (394 bytes)

GC Heap History (4 events):
Event: 0.423 GC heap before
{Heap before GC invocations=1 (full 0):
 PSYoungGen      total 29696K, used 25600K [0x00000000d5580000, 0x00000000d7680000, 0x0000000100000000)
  eden space 25600K, 100% used [0x00000000d5580000,0x00000000d6e80000,0x00000000d6e80000)
  from space 4096K, 0% used [0x00000000d7280000,0x00000000d7280000,0x00000000d7680000)
  to   space 4096K, 0% used [0x00000000d6e80000,0x00000000d6e80000,0x00000000d7280000)
 ParOldGen       total 68608K, used 0K [0x0000000080000000, 0x0000000084300000, 0x00000000d5580000)
  object space 68608K, 0% used [0x0000000080000000,0x0000000080000000,0x0000000084300000)
 Metaspace       used 4285K, committed 4480K, reserved 1114112K
  class space    used 468K, committed 576K, reserved 1048576K
}
Event: 0.428 GC heap after
{Heap after GC invocations=1 (full 0):
 PSYoungGen      total 29696K, used 3319K [0x00000000d5580000, 0x00000000d7680000, 0x0000000100000000)
  eden space 25600K, 0% used [0x00000000d5580000,0x00000000d5580000,0x00000000d6e80000)
  from space 4096K, 81% used [0x00000000d6e80000,0x00000000d71bde28,0x00000000d7280000)
  to   space 4096K, 0% used [0x00000000d7280000,0x00000000d7280000,0x00000000d7680000)
 ParOldGen       total 68608K, used 16K [0x0000000080000000, 0x0000000084300000, 0x00000000d5580000)
  object space 68608K, 0% used [0x0000000080000000,0x0000000080004000,0x0000000084300000)
 Metaspace       used 4285K, committed 4480K, reserved 1114112K
  class space    used 468K, committed 576K, reserved 1048576K
}
Event: 0.832 GC heap before
{Heap before GC invocations=2 (full 0):
 PSYoungGen      total 29696K, used 28919K [0x00000000d5580000, 0x00000000d7680000, 0x0000000100000000)
  eden space 25600K, 100% used [0x00000000d5580000,0x00000000d6e80000,0x00000000d6e80000)
  from space 4096K, 81% used [0x00000000d6e80000,0x00000000d71bde28,0x00000000d7280000)
  to   space 4096K, 0% used [0x00000000d7280000,0x00000000d7280000,0x00000000d7680000)
 ParOldGen       total 68608K, used 16K [0x0000000080000000, 0x0000000084300000, 0x00000000d5580000)
  object space 68608K, 0% used [0x0000000080000000,0x0000000080004000,0x0000000084300000)
 Metaspace       used 8106K, committed 8320K, reserved 1114112K
  class space    used 861K, committed 960K, reserved 1048576K
}
Event: 0.837 GC heap after
{Heap after GC invocations=2 (full 0):
 PSYoungGen      total 29696K, used 4077K [0x00000000d5580000, 0x00000000d7680000, 0x0000000100000000)
  eden space 25600K, 0% used [0x00000000d5580000,0x00000000d5580000,0x00000000d6e80000)
  from space 4096K, 99% used [0x00000000d7280000,0x00000000d767b5f0,0x00000000d7680000)
  to   space 4096K, 0% used [0x00000000d6e80000,0x00000000d6e80000,0x00000000d7280000)
 ParOldGen       total 68608K, used 904K [0x0000000080000000, 0x0000000084300000, 0x00000000d5580000)
  object space 68608K, 1% used [0x0000000080000000,0x00000000800e2020,0x0000000084300000)
 Metaspace       used 8106K, committed 8320K, reserved 1114112K
  class space    used 861K, committed 960K, reserved 1048576K
}

Dll operation events (9 events):
Event: 0.005 Loaded shared library c:\Users\Aluno SENAI.C308-LAB3-001\.vscode\extensions\redhat.java-1.46.0-win32-x64\jre\21.0.8-win32-x86_64\bin\java.dll
Event: 0.030 Loaded shared library c:\Users\Aluno SENAI.C308-LAB3-001\.vscode\extensions\redhat.java-1.46.0-win32-x64\jre\21.0.8-win32-x86_64\bin\zip.dll
Event: 0.069 Loaded shared library C:\Users\Aluno SENAI.C308-LAB3-001\.vscode\extensions\redhat.java-1.46.0-win32-x64\jre\21.0.8-win32-x86_64\bin\instrument.dll
Event: 0.072 Loaded shared library C:\Users\Aluno SENAI.C308-LAB3-001\.vscode\extensions\redhat.java-1.46.0-win32-x64\jre\21.0.8-win32-x86_64\bin\net.dll
Event: 0.073 Loaded shared library C:\Users\Aluno SENAI.C308-LAB3-001\.vscode\extensions\redhat.java-1.46.0-win32-x64\jre\21.0.8-win32-x86_64\bin\nio.dll
Event: 0.075 Loaded shared library C:\Users\Aluno SENAI.C308-LAB3-001\.vscode\extensions\redhat.java-1.46.0-win32-x64\jre\21.0.8-win32-x86_64\bin\zip.dll
Event: 0.085 Loaded shared library C:\Users\Aluno SENAI.C308-LAB3-001\.vscode\extensions\redhat.java-1.46.0-win32-x64\jre\21.0.8-win32-x86_64\bin\jimage.dll
Event: 0.126 Loaded shared library c:\Users\Aluno SENAI.C308-LAB3-001\.vscode\extensions\redhat.java-1.46.0-win32-x64\jre\21.0.8-win32-x86_64\bin\verify.dll
Event: 0.821 Loaded shared library C:\Users\Aluno SENAI.C308-LAB3-001\AppData\Roaming\Code\User\globalStorage\redhat.java\1.46.0\config_ss_win\org.eclipse.equinox.launcher\org.eclipse.equinox.launcher.win32.win32.x86_64_1.2.1400.v20250801-0854\eclipse_11916.dll

Deoptimization events (20 events):
Event: 0.853 Thread 0x000001a9e798a470 Uncommon trap: trap_request=0xffffffbe fr.pc=0x000001a9d8f4b47c relative=0x00000000000013bc
Event: 0.853 Thread 0x000001a9e798a470 Uncommon trap: reason=profile_predicate action=maybe_recompile pc=0x000001a9d8f4b47c method=jdk.internal.jimage.ImageStringsReader.stringFromByteBufferMatches(Ljava/nio/ByteBuffer;ILjava/lang/String;I)I @ 19 c2
Event: 0.853 Thread 0x000001a9e798a470 DEOPT PACKING pc=0x000001a9d8f4b47c sp=0x0000007956cfd460
Event: 0.853 Thread 0x000001a9e798a470 DEOPT UNPACKING pc=0x000001a9d8963aa2 sp=0x0000007956cfd188 mode 2
Event: 0.853 Thread 0x000001a9e798a470 Uncommon trap: trap_request=0xffffffbe fr.pc=0x000001a9d8f4b47c relative=0x00000000000013bc
Event: 0.853 Thread 0x000001a9e798a470 Uncommon trap: reason=profile_predicate action=maybe_recompile pc=0x000001a9d8f4b47c method=jdk.internal.jimage.ImageStringsReader.stringFromByteBufferMatches(Ljava/nio/ByteBuffer;ILjava/lang/String;I)I @ 19 c2
Event: 0.853 Thread 0x000001a9e798a470 DEOPT PACKING pc=0x000001a9d8f4b47c sp=0x0000007956cfd460
Event: 0.853 Thread 0x000001a9e798a470 DEOPT UNPACKING pc=0x000001a9d8963aa2 sp=0x0000007956cfd188 mode 2
Event: 0.966 Thread 0x000001a9e798a470 Uncommon trap: trap_request=0xffffff45 fr.pc=0x000001a9d8f697c0 relative=0x0000000000001400
Event: 0.966 Thread 0x000001a9e798a470 Uncommon trap: reason=unstable_if action=reinterpret pc=0x000001a9d8f697c0 method=java.io.WinNTFileSystem.normalize(Ljava/lang/String;II)Ljava/lang/String; @ 100 c2
Event: 0.966 Thread 0x000001a9e798a470 DEOPT PACKING pc=0x000001a9d8f697c0 sp=0x0000007956cf9250
Event: 0.966 Thread 0x000001a9e798a470 DEOPT UNPACKING pc=0x000001a9d8963aa2 sp=0x0000007956cf91a0 mode 2
Event: 0.984 Thread 0x000001a9e798a470 Uncommon trap: trap_request=0xffffff45 fr.pc=0x000001a9d8f2bdb4 relative=0x0000000000000094
Event: 0.984 Thread 0x000001a9e798a470 Uncommon trap: reason=unstable_if action=reinterpret pc=0x000001a9d8f2bdb4 method=java.io.BufferedInputStream.getBufIfOpen(Z)[B @ 13 c2
Event: 0.984 Thread 0x000001a9e798a470 DEOPT PACKING pc=0x000001a9d8f2bdb4 sp=0x0000007956cf8b40
Event: 0.984 Thread 0x000001a9e798a470 DEOPT UNPACKING pc=0x000001a9d8963aa2 sp=0x0000007956cf8ac0 mode 2
Event: 1.006 Thread 0x000001a9e798a470 Uncommon trap: trap_request=0xffffff45 fr.pc=0x000001a9d8f55520 relative=0x00000000000009c0
Event: 1.006 Thread 0x000001a9e798a470 Uncommon trap: reason=unstable_if action=reinterpret pc=0x000001a9d8f55520 method=java.util.concurrent.ConcurrentHashMap.putVal(Ljava/lang/Object;Ljava/lang/Object;Z)Ljava/lang/Object; @ 148 c2
Event: 1.006 Thread 0x000001a9e798a470 DEOPT PACKING pc=0x000001a9d8f55520 sp=0x0000007956cfbd50
Event: 1.006 Thread 0x000001a9e798a470 DEOPT UNPACKING pc=0x000001a9d8963aa2 sp=0x0000007956cfbcc0 mode 2

Classes loaded (20 events):
Event: 0.982 Loading class java/lang/CloneNotSupportedException
Event: 0.982 Loading class java/lang/CloneNotSupportedException done
Event: 0.990 Loading class java/util/stream/ReferencePipeline$5
Event: 0.990 Loading class java/util/stream/LongPipeline$StatelessOp
Event: 0.990 Loading class java/util/stream/LongPipeline
Event: 0.990 Loading class java/util/stream/LongStream
Event: 0.991 Loading class java/util/stream/LongStream done
Event: 0.991 Loading class java/util/stream/LongPipeline done
Event: 0.991 Loading class java/util/stream/LongPipeline$StatelessOp done
Event: 0.991 Loading class java/util/stream/ReferencePipeline$5 done
Event: 0.991 Loading class java/util/function/LongBinaryOperator
Event: 0.991 Loading class java/util/function/LongBinaryOperator done
Event: 0.992 Loading class java/util/stream/ReduceOps$10
Event: 0.992 Loading class java/util/stream/ReduceOps$10 done
Event: 0.992 Loading class java/util/stream/ReduceOps$8ReducingSink
Event: 0.992 Loading class java/util/stream/Sink$OfLong
Event: 0.992 Loading class java/util/stream/Sink$OfLong done
Event: 0.992 Loading class java/util/stream/ReduceOps$8ReducingSink done
Event: 0.992 Loading class java/util/stream/ReferencePipeline$5$1
Event: 0.993 Loading class java/util/stream/ReferencePipeline$5$1 done

Classes unloaded (0 events):
No events

Classes redefined (0 events):
No events

Internal exceptions (20 events):
Event: 0.434 Thread 0x000001a9cc915250 Exception <a 'java/lang/ClassNotFoundException'{0x00000000d55c0ea8}: sun/net/www/protocol/c/Handler> (0x00000000d55c0ea8) 
thrown [s\src\hotspot\share\classfile\systemDictionary.cpp, line 312]
Event: 0.439 Thread 0x000001a9cc915250 Exception <a 'java/io/FileNotFoundException'{0x00000000d55e6f48}> (0x00000000d55e6f48) 
thrown [s\src\hotspot\share\prims\jni.cpp, line 520]
Event: 0.457 Thread 0x000001a9cc915250 Implicit null exception at 0x000001a9d8f0acc9 to 0x000001a9d8f0b638
Event: 0.457 Thread 0x000001a9cc915250 Implicit null exception at 0x000001a9d8f0fb9a to 0x000001a9d8f0fda4
Event: 0.458 Thread 0x000001a9cc915250 Exception <a 'java/lang/NoSuchMethodError'{0x00000000d57d4558}: 'void java.lang.invoke.DirectMethodHandle$Holder.invokeStatic(java.lang.Object, java.lang.Object, java.lang.Object, java.lang.Object)'> (0x00000000d57d4558) 
thrown [s\src\hotspot\share\interpreter\linkResolver.cpp, line 773]
Event: 0.459 Thread 0x000001a9cc915250 Implicit null exception at 0x000001a9d8f12b9a to 0x000001a9d8f12da4
Event: 0.459 Thread 0x000001a9cc915250 Implicit null exception at 0x000001a9d8f0c0bd to 0x000001a9d8f0c141
Event: 0.501 Thread 0x000001a9cc915250 Exception <a 'java/lang/NoSuchMethodError'{0x00000000d5a50038}: 'void java.lang.invoke.DirectMethodHandle$Holder.invokeSpecial(java.lang.Object, java.lang.Object, java.lang.Object)'> (0x00000000d5a50038) 
thrown [s\src\hotspot\share\interpreter\linkResolver.cpp, line 773]
Event: 0.636 Thread 0x000001a9cc915250 Exception <a 'java/lang/NoSuchMethodError'{0x00000000d631b318}: 'int java.lang.invoke.DirectMethodHandle$Holder.invokeVirtual(java.lang.Object, java.lang.Object)'> (0x00000000d631b318) 
thrown [s\src\hotspot\share\interpreter\linkResolver.cpp, line 773]
Event: 0.669 Thread 0x000001a9cc915250 Exception <a 'java/lang/NoSuchMethodError'{0x00000000d648ee00}: 'int java.lang.invoke.DirectMethodHandle$Holder.invokeStaticInit(java.lang.Object, java.lang.Object, java.lang.Object, java.lang.Object)'> (0x00000000d648ee00) 
thrown [s\src\hotspot\share\interpreter\linkResolver.cpp, line 773]
Event: 0.670 Thread 0x000001a9cc915250 Exception <a 'java/lang/IncompatibleClassChangeError'{0x00000000d6497288}: Found class java.lang.Object, but interface was expected> (0x00000000d6497288) 
thrown [s\src\hotspot\share\interpreter\linkResolver.cpp, line 840]
Event: 0.671 Thread 0x000001a9cc915250 Exception <a 'java/lang/NoSuchMethodError'{0x00000000d649db10}: 'void java.lang.invoke.DirectMethodHandle$Holder.invokeStaticInit(java.lang.Object, java.lang.Object)'> (0x00000000d649db10) 
thrown [s\src\hotspot\share\interpreter\linkResolver.cpp, line 773]
Event: 0.672 Thread 0x000001a9cc915250 Exception <a 'java/lang/NoSuchMethodError'{0x00000000d64a6ec8}: 'int java.lang.invoke.DirectMethodHandle$Holder.invokeStaticInit(java.lang.Object, java.lang.Object)'> (0x00000000d64a6ec8) 
thrown [s\src\hotspot\share\interpreter\linkResolver.cpp, line 773]
Event: 0.701 Thread 0x000001a9cc915250 Exception <a 'java/lang/NoSuchMethodError'{0x00000000d66f0ab0}: 'java.lang.Object java.lang.invoke.DirectMethodHandle$Holder.newInvokeSpecial(java.lang.Object, int, java.lang.Object)'> (0x00000000d66f0ab0) 
thrown [s\src\hotspot\share\interpreter\linkResolver.cpp, line 773]
Event: 0.730 Thread 0x000001a9cc915250 Exception <a 'java/lang/ClassNotFoundException'{0x00000000d690cdd0}: sun/net/www/protocol/plurl/Handler> (0x00000000d690cdd0) 
thrown [s\src\hotspot\share\classfile\systemDictionary.cpp, line 312]
Event: 0.730 Thread 0x000001a9cc915250 Exception <a 'java/lang/ClassNotFoundException'{0x00000000d690dc50}: sun/net/www/protocol/plurl/Handler> (0x00000000d690dc50) 
thrown [s\src\hotspot\share\classfile\systemDictionary.cpp, line 312]
Event: 0.817 Thread 0x000001a9cc915250 Exception <a 'java/lang/UnsatisfiedLinkError'{0x00000000d6d46fb8}: 'void org.eclipse.equinox.launcher.JNIBridge._update_splash()'> (0x00000000d6d46fb8) 
thrown [s\src\hotspot\share\prims\nativeLookup.cpp, line 415]
Event: 0.863 Thread 0x000001a9e798a470 Exception <a 'java/lang/NullPointerException'{0x00000000d58004f8}> (0x00000000d58004f8) 
thrown [s\src\hotspot\share\interpreter\linkResolver.cpp, line 1372]
Event: 0.863 Thread 0x000001a9e798a470 Exception <a 'java/lang/NullPointerException'{0x00000000d58007d8}> (0x00000000d58007d8) 
thrown [s\src\hotspot\share\interpreter\linkResolver.cpp, line 1372]
Event: 0.989 Thread 0x000001a9e798a470 Exception <a 'java/lang/NoSuchMethodError'{0x00000000d61652f0}: 'long java.lang.invoke.DirectMethodHandle$Holder.invokeSpecial(java.lang.Object, java.lang.Object)'> (0x00000000d61652f0) 
thrown [s\src\hotspot\share\interpreter\linkResolver.cpp, line 773]

ZGC Phase Switch (0 events):
No events

VM Operations (20 events):
Event: 0.264 Executing VM operation: HandshakeAllThreads (Deoptimize)
Event: 0.264 Executing VM operation: HandshakeAllThreads (Deoptimize) done
Event: 0.273 Executing VM operation: HandshakeAllThreads (Deoptimize)
Event: 0.273 Executing VM operation: HandshakeAllThreads (Deoptimize) done
Event: 0.402 Executing VM operation: ICBufferFull
Event: 0.402 Executing VM operation: ICBufferFull done
Event: 0.423 Executing VM operation: ParallelGCFailedAllocation (Allocation Failure)
Event: 0.428 Executing VM operation: ParallelGCFailedAllocation (Allocation Failure) done
Event: 0.687 Executing VM operation: HandshakeAllThreads (Deoptimize)
Event: 0.687 Executing VM operation: HandshakeAllThreads (Deoptimize) done
Event: 0.693 Executing VM operation: HandshakeAllThreads (Deoptimize)
Event: 0.693 Executing VM operation: HandshakeAllThreads (Deoptimize) done
Event: 0.716 Executing VM operation: HandshakeAllThreads (Deoptimize)
Event: 0.716 Executing VM operation: HandshakeAllThreads (Deoptimize) done
Event: 0.727 Executing VM operation: HandshakeAllThreads (Deoptimize)
Event: 0.727 Executing VM operation: HandshakeAllThreads (Deoptimize) done
Event: 0.832 Executing VM operation: ParallelGCFailedAllocation (Allocation Failure)
Event: 0.837 Executing VM operation: ParallelGCFailedAllocation (Allocation Failure) done
Event: 0.932 Executing VM operation: HandshakeAllThreads (Deoptimize)
Event: 0.932 Executing VM operation: HandshakeAllThreads (Deoptimize) done

Memory protections (0 events):
No events

Nmethod flushes (0 events):
No events

Events (17 events):
Event: 0.019 Thread 0x000001a9cc915250 Thread added: 0x000001a9cc915250
Event: 0.031 Thread 0x000001a9cc915250 Thread added: 0x000001a9e52acd40
Event: 0.031 Thread 0x000001a9cc915250 Thread added: 0x000001a9e52ae490
Event: 0.031 Thread 0x000001a9cc915250 Thread added: 0x000001a9e52b1f10
Event: 0.031 Thread 0x000001a9cc915250 Thread added: 0x000001a9e52b3c30
Event: 0.032 Thread 0x000001a9cc915250 Thread added: 0x000001a9e52b6bd0
Event: 0.032 Thread 0x000001a9cc915250 Thread added: 0x000001a9e52bd900
Event: 0.032 Thread 0x000001a9cc915250 Thread added: 0x000001a9e72d0820
Event: 0.032 Thread 0x000001a9cc915250 Thread added: 0x000001a9e72d1ed0
Event: 0.049 Thread 0x000001a9cc915250 Thread added: 0x000001a9cc9805b0
Event: 0.118 Thread 0x000001a9e72d1ed0 Thread added: 0x000001a9e75ea430
Event: 0.123 Thread 0x000001a9e72d1ed0 Thread added: 0x000001a9e7616940
Event: 0.175 Thread 0x000001a9cc915250 Thread added: 0x000001a9e76157a0
Event: 0.680 Thread 0x000001a9cc915250 Thread added: 0x000001a9e7d06a50
Event: 0.813 Thread 0x000001a9cc915250 Thread added: 0x000001a9e7adce90
Event: 0.816 Thread 0x000001a9cc915250 Thread added: 0x000001a9e798a470
Event: 0.923 Thread 0x000001a9e798a470 Thread added: 0x000001a9ec3504f0


Dynamic libraries:
0x00007ff66f100000 - 0x00007ff66f10e000 	c:\Users\Aluno SENAI.C308-LAB3-001\.vscode\extensions\redhat.java-1.46.0-win32-x64\jre\21.0.8-win32-x86_64\bin\java.exe
0x00007ff93bed0000 - 0x00007ff93c0c8000 	C:\Windows\SYSTEM32\ntdll.dll
0x00007ff93b860000 - 0x00007ff93b922000 	C:\Windows\System32\KERNEL32.DLL
0x00007ff9396d0000 - 0x00007ff9399c6000 	C:\Windows\System32\KERNELBASE.dll
0x00007ff939c80000 - 0x00007ff939d80000 	C:\Windows\System32\ucrtbase.dll
0x00007ff922f70000 - 0x00007ff922f88000 	c:\Users\Aluno SENAI.C308-LAB3-001\.vscode\extensions\redhat.java-1.46.0-win32-x64\jre\21.0.8-win32-x86_64\bin\jli.dll
0x00007ff923db0000 - 0x00007ff923dce000 	c:\Users\Aluno SENAI.C308-LAB3-001\.vscode\extensions\redhat.java-1.46.0-win32-x64\jre\21.0.8-win32-x86_64\bin\VCRUNTIME140.dll
0x00007ff93af40000 - 0x00007ff93b0dd000 	C:\Windows\System32\USER32.dll
0x00007ff939b00000 - 0x00007ff939b22000 	C:\Windows\System32\win32u.dll
0x00007ff922200000 - 0x00007ff92249b000 	C:\Windows\WinSxS\amd64_microsoft.windows.common-controls_6595b64144ccf1df_6.0.19041.6280_none_60bc30a171f2f3f3\COMCTL32.dll
0x00007ff93a4c0000 - 0x00007ff93a4eb000 	C:\Windows\System32\GDI32.dll
0x00007ff939b30000 - 0x00007ff939c49000 	C:\Windows\System32\gdi32full.dll
0x00007ff93a4f0000 - 0x00007ff93a58e000 	C:\Windows\System32\msvcrt.dll
0x00007ff9399d0000 - 0x00007ff939a6d000 	C:\Windows\System32\msvcp_win.dll
0x00007ff93adb0000 - 0x00007ff93addf000 	C:\Windows\System32\IMM32.DLL
0x00007ff935660000 - 0x00007ff93566c000 	c:\Users\Aluno SENAI.C308-LAB3-001\.vscode\extensions\redhat.java-1.46.0-win32-x64\jre\21.0.8-win32-x86_64\bin\vcruntime140_1.dll
0x00007ff901e90000 - 0x00007ff901f1d000 	c:\Users\Aluno SENAI.C308-LAB3-001\.vscode\extensions\redhat.java-1.46.0-win32-x64\jre\21.0.8-win32-x86_64\bin\msvcp140.dll
0x00007ff8ee0c0000 - 0x00007ff8eee57000 	c:\Users\Aluno SENAI.C308-LAB3-001\.vscode\extensions\redhat.java-1.46.0-win32-x64\jre\21.0.8-win32-x86_64\bin\server\jvm.dll
0x00007ff93ac00000 - 0x00007ff93acb1000 	C:\Windows\System32\ADVAPI32.dll
0x00007ff93a950000 - 0x00007ff93a9ef000 	C:\Windows\System32\sechost.dll
0x00007ff93aae0000 - 0x00007ff93ac00000 	C:\Windows\System32\RPCRT4.dll
0x00007ff939c50000 - 0x00007ff939c77000 	C:\Windows\System32\bcrypt.dll
0x00007ff93ad40000 - 0x00007ff93adab000 	C:\Windows\System32\WS2_32.dll
0x00007ff939320000 - 0x00007ff93936b000 	C:\Windows\SYSTEM32\POWRPROF.dll
0x00007ff92c660000 - 0x00007ff92c687000 	C:\Windows\SYSTEM32\WINMM.dll
0x00007ff933fd0000 - 0x00007ff933fda000 	C:\Windows\SYSTEM32\VERSION.dll
0x00007ff939300000 - 0x00007ff939312000 	C:\Windows\SYSTEM32\UMPDC.dll
0x00007ff9373d0000 - 0x00007ff9373e2000 	C:\Windows\SYSTEM32\kernel.appcore.dll
0x00007ff934070000 - 0x00007ff93407a000 	c:\Users\Aluno SENAI.C308-LAB3-001\.vscode\extensions\redhat.java-1.46.0-win32-x64\jre\21.0.8-win32-x86_64\bin\jimage.dll
0x00007ff929830000 - 0x00007ff929a31000 	C:\Windows\SYSTEM32\DBGHELP.DLL
0x00007ff920700000 - 0x00007ff920734000 	C:\Windows\SYSTEM32\dbgcore.DLL
0x00007ff939a70000 - 0x00007ff939af2000 	C:\Windows\System32\bcryptPrimitives.dll
0x00007ff92a1b0000 - 0x00007ff92a1bf000 	c:\Users\Aluno SENAI.C308-LAB3-001\.vscode\extensions\redhat.java-1.46.0-win32-x64\jre\21.0.8-win32-x86_64\bin\instrument.dll
0x00007ff922d40000 - 0x00007ff922d5f000 	c:\Users\Aluno SENAI.C308-LAB3-001\.vscode\extensions\redhat.java-1.46.0-win32-x64\jre\21.0.8-win32-x86_64\bin\java.dll
0x00007ff93b0e0000 - 0x00007ff93b850000 	C:\Windows\System32\SHELL32.dll
0x00007ff9375d0000 - 0x00007ff937d75000 	C:\Windows\SYSTEM32\windows.storage.dll
0x00007ff93a5f0000 - 0x00007ff93a943000 	C:\Windows\System32\combase.dll
0x00007ff938df0000 - 0x00007ff938e1b000 	C:\Windows\SYSTEM32\Wldp.dll
0x00007ff93bdb0000 - 0x00007ff93be7d000 	C:\Windows\System32\OLEAUT32.dll
0x00007ff93ade0000 - 0x00007ff93ae8d000 	C:\Windows\System32\SHCORE.dll
0x00007ff93b950000 - 0x00007ff93b9ab000 	C:\Windows\System32\shlwapi.dll
0x00007ff9394a0000 - 0x00007ff9394c4000 	C:\Windows\SYSTEM32\profapi.dll
0x00007ff922c20000 - 0x00007ff922c38000 	c:\Users\Aluno SENAI.C308-LAB3-001\.vscode\extensions\redhat.java-1.46.0-win32-x64\jre\21.0.8-win32-x86_64\bin\zip.dll
0x00007ff9295c0000 - 0x00007ff9295d0000 	C:\Users\Aluno SENAI.C308-LAB3-001\.vscode\extensions\redhat.java-1.46.0-win32-x64\jre\21.0.8-win32-x86_64\bin\net.dll
0x00007ff931f00000 - 0x00007ff93200a000 	C:\Windows\SYSTEM32\WINHTTP.dll
0x00007ff938bd0000 - 0x00007ff938c3a000 	C:\Windows\system32\mswsock.dll
0x00007ff910510000 - 0x00007ff910526000 	C:\Users\Aluno SENAI.C308-LAB3-001\.vscode\extensions\redhat.java-1.46.0-win32-x64\jre\21.0.8-win32-x86_64\bin\nio.dll
0x00007ff929420000 - 0x00007ff929430000 	c:\Users\Aluno SENAI.C308-LAB3-001\.vscode\extensions\redhat.java-1.46.0-win32-x64\jre\21.0.8-win32-x86_64\bin\verify.dll
0x00007ff906cc0000 - 0x00007ff906d04000 	C:\Users\Aluno SENAI.C308-LAB3-001\AppData\Roaming\Code\User\globalStorage\redhat.java\1.46.0\config_ss_win\org.eclipse.equinox.launcher\org.eclipse.equinox.launcher.win32.win32.x86_64_1.2.1400.v20250801-0854\eclipse_11916.dll
0x00007ff93bad0000 - 0x00007ff93bbfb000 	C:\Windows\System32\ole32.dll

JVMTI agents:
c:\Users\Aluno SENAI.C308-LAB3-001\.vscode\extensions\redhat.java-1.46.0-win32-x64\lombok\lombok-1.18.39-4050.jar path:c:\Users\Aluno SENAI.C308-LAB3-001\.vscode\extensions\redhat.java-1.46.0-win32-x64\jre\21.0.8-win32-x86_64\bin\instrument.dll, loaded, initialized, instrumentlib options:none

dbghelp: loaded successfully - version: 4.0.5 - missing functions: none
symbol engine: initialized successfully - sym options: 0x614 - pdb path: .;c:\Users\Aluno SENAI.C308-LAB3-001\.vscode\extensions\redhat.java-1.46.0-win32-x64\jre\21.0.8-win32-x86_64\bin;C:\Windows\SYSTEM32;C:\Windows\WinSxS\amd64_microsoft.windows.common-controls_6595b64144ccf1df_6.0.19041.6280_none_60bc30a171f2f3f3;c:\Users\Aluno SENAI.C308-LAB3-001\.vscode\extensions\redhat.java-1.46.0-win32-x64\jre\21.0.8-win32-x86_64\bin\server;C:\Users\Aluno SENAI.C308-LAB3-001\AppData\Roaming\Code\User\globalStorage\redhat.java\1.46.0\config_ss_win\org.eclipse.equinox.launcher\org.eclipse.equinox.launcher.win32.win32.x86_64_1.2.1400.v20250801-0854

VM Arguments:
jvm_args: --add-modules=ALL-SYSTEM --add-opens=java.base/java.util=ALL-UNNAMED --add-opens=java.base/java.lang=ALL-UNNAMED --add-opens=java.base/sun.nio.fs=ALL-UNNAMED -Declipse.application=org.eclipse.jdt.ls.core.id1 -Dosgi.bundles.defaultStartLevel=4 -Declipse.product=org.eclipse.jdt.ls.core.product -Djava.import.generatesMetadataFilesAtProjectRoot=false -DDetectVMInstallationsJob.disabled=true -Dfile.encoding=utf8 -XX:+UseParallelGC -XX:GCTimeRatio=4 -XX:AdaptiveSizePolicyWeight=90 -Dsun.zip.disableMemoryMapping=true -Xmx2G -Xms100m -Xlog:disable -javaagent:c:\Users\Aluno SENAI.C308-LAB3-001\.vscode\extensions\redhat.java-1.46.0-win32-x64\lombok\lombok-1.18.39-4050.jar 
java_command: c:\Users\Aluno SENAI.C308-LAB3-001\.vscode\extensions\redhat.java-1.46.0-win32-x64\server\plugins\org.eclipse.equinox.launcher_1.7.0.v20250519-0528.jar -configuration c:\Users\Aluno SENAI.C308-LAB3-001\AppData\Roaming\Code\User\globalStorage\redhat.java\1.46.0\config_ss_win -data c:\Users\Aluno SENAI.C308-LAB3-001\AppData\Roaming\Code\User\workspaceStorage\24097eb5515a1f894a3d3addbae6f95b\redhat.java\ss_ws --pipe=\\.\pipe\lsp-9d3536f7033674ddb72d38f5d350c852-sock
java_class_path (initial): c:\Users\Aluno SENAI.C308-LAB3-001\.vscode\extensions\redhat.java-1.46.0-win32-x64\server\plugins\org.eclipse.equinox.launcher_1.7.0.v20250519-0528.jar
Launcher Type: SUN_STANDARD

[Global flags]
    uintx AdaptiveSizePolicyWeight                 = 90                                        {product} {command line}
     intx CICompilerCount                          = 4                                         {product} {ergonomic}
    uintx GCTimeRatio                              = 4                                         {product} {command line}
   size_t InitialHeapSize                          = 104857600                                 {product} {command line}
   size_t MaxHeapSize                              = 2147483648                                {product} {command line}
   size_t MaxNewSize                               = 715653120                                 {product} {ergonomic}
   size_t MinHeapDeltaBytes                        = 524288                                    {product} {ergonomic}
   size_t MinHeapSize                              = 104857600                                 {product} {command line}
   size_t NewSize                                  = 34603008                                  {product} {ergonomic}
    uintx NonNMethodCodeHeapSize                   = 5839372                                {pd product} {ergonomic}
    uintx NonProfiledCodeHeapSize                  = 122909434                              {pd product} {ergonomic}
   size_t OldSize                                  = 70254592                                  {product} {ergonomic}
    uintx ProfiledCodeHeapSize                     = 122909434                              {pd product} {ergonomic}
    uintx ReservedCodeCacheSize                    = 251658240                              {pd product} {ergonomic}
     bool SegmentedCodeCache                       = true                                      {product} {ergonomic}
   size_t SoftMaxHeapSize                          = 2147483648                             {manageable} {ergonomic}
     bool UseCompressedOops                        = true                           {product lp64_product} {ergonomic}
     bool UseLargePagesIndividualAllocation        = false                                  {pd product} {ergonomic}
     bool UseParallelGC                            = true                                      {product} {command line}

Logging:
Log output configuration:
 #0: stdout all=off uptime,level,tags foldmultilines=false
 #1: stderr all=off uptime,level,tags foldmultilines=false

Environment Variables:
PATH=C:\Program Files (x86)\NVIDIA Corporation\PhysX\Common;C:\Program Files\Common Files\Oracle\Java\javapath;C:\Python313\Scripts\;C:\Python313\;C:\Program Files\Python312\Scripts\;C:\Program Files\Python312\;C:\Windows\system32;C:\Windows;C:\Windows\System32\Wbem;C:\Windows\System32\WindowsPowerShell\v1.0\;C:\Windows\System32\OpenSSH\;C:\ProgramData\UNIVALI\Portugol Studio;C:\Program Files\dotnet\;C:\Program Files (x86)\dotnet\;C:\Program Files (x86)\Windows Kits\8.1\Windows Performance Toolkit\;C:\MinGW\bin;C:\Program Files\Microsoft SQL Server\Client SDK\ODBC\170\Tools\Binn\;C:\Program Files (x86)\Microsoft SQL Server\150\Tools\Binn\;C:\Program Files\Microsoft SQL Server\150\Tools\Binn\;C:\Program Files\Microsoft SQL Server\150\DTS\Binn\;C:\Program Files\nodejs\;C:\ProgramData\chocolatey\bin;C:\sqlite3;C:\Program Files\Docker\Docker\resources\bin;C:\Program Files (x86)\Microsoft SQL Server\160\Tools\Binn\;C:\Program Files\Microsoft SQL Server\160\Tools\Binn\;C:\Program Files\Microsoft SQL Server\160\DTS\Binn\;C:\Program Files\Git\cmd;C:\Program Files (x86)\Microsoft SQL Server\160\DTS\Binn\;C:\app_programas\android_sdk\platform-tools\;C:\app_programas\flutter\bin\;C:\Users\Aluno SENAI.C308-LAB3-001\AppData\Local\Microsoft\WindowsApps;C:\Users\Aluno SENAI.C308-LAB3-001\AppData\Local\GitHubDesktop\bin;C:\Users\Aluno SENAI.C308-LAB3-001\.dotnet\tools;C:\Microsoft VS Code\bin
USERNAME=Aluno SENAI
OS=Windows_NT
PROCESSOR_IDENTIFIER=AMD64 Family 25 Model 80 Stepping 0, AuthenticAMD
TMP=C:\Users\ALUNOS~1.C30\AppData\Local\Temp
TEMP=C:\Users\ALUNOS~1.C30\AppData\Local\Temp




Periodic native trim disabled

---------------  S Y S T E M  ---------------

OS:
 Windows 10 , 64 bit Build 19041 (10.0.19041.5915)
OS uptime: 0 days 7:00 hours
Hyper-V role detected

CPU: total 12 (initial active 12) (12 cores per cpu, 2 threads per core) family 25 model 80 stepping 0 microcode 0x0, cx8, cmov, fxsr, ht, mmx, 3dnowpref, sse, sse2, sse3, ssse3, sse4a, sse4.1, sse4.2, popcnt, lzcnt, tsc, tscinvbit, avx, avx2, aes, erms, clmul, bmi1, bmi2, adx, sha, fma, vzeroupper, clflush, clflushopt, hv, rdtscp, rdpid, fsrm, f16c, cet_ss
Processor Information for the first 12 processors :
  Max Mhz: 3901, Current Mhz: 3901, Mhz Limit: 3901

Memory: 4k page, system-wide physical 7553M (1042M free)
TotalPageFile size 11649M (AvailPageFile size 15M)
current process WorkingSet (physical memory assigned to process): 100M, peak: 101M
current process commit charge ("private bytes"): 254M, peak: 255M

vm_info: OpenJDK 64-Bit Server VM (21.0.8+9-LTS) for windows-amd64 JRE (21.0.8+9-LTS), built on 2025-07-15T00:00:00Z by "admin" with MS VC++ 17.7 (VS2022)

END.
